[main] [34mINFO [0;39m [36mo.s.c.a.AnnotationConfigApplicationContext[0;39m - Refreshing org.springframework.context.annotation.AnnotationConfigApplicationContext@3c19aaa5: startup date [Tue Feb 06 20:53:47 CST 2018]; root of context hierarchy 
[main] [34mINFO [0;39m [36mo.s.b.f.a.AutowiredAnnotationBeanPostProcessor[0;39m - JSR-330 'javax.inject.Inject' annotation found and supported for autowiring 
[main] [34mINFO [0;39m [36mo.s.c.s.PostProcessorRegistrationDelegate$BeanPostProcessorChecker[0;39m - Bean 'configurationPropertiesRebinderAutoConfiguration' of type [org.springframework.cloud.autoconfigure.ConfigurationPropertiesRebinderAutoConfiguration$$EnhancerBySpringCGLIB$$f7344ed6] is not eligible for getting processed by all BeanPostProcessors (for example: not eligible for auto-proxying) 
[main] [34mINFO [0;39m [36mc.k.c.w.ConsumerApplication[0;39m - The following profiles are active: dev 
[main] [34mINFO [0;39m [36mo.s.b.c.e.AnnotationConfigEmbeddedWebApplicationContext[0;39m - Refreshing org.springframework.boot.context.embedded.AnnotationConfigEmbeddedWebApplicationContext@222eb8aa: startup date [Tue Feb 06 20:53:48 CST 2018]; parent: org.springframework.context.annotation.AnnotationConfigApplicationContext@3c19aaa5 
[main] [34mINFO [0;39m [36mo.s.c.c.s.GenericScope[0;39m - BeanFactory id=a9c5cf9c-88ad-3a38-bd55-543afd5f9bef 
[main] [34mINFO [0;39m [36mo.s.b.f.a.AutowiredAnnotationBeanPostProcessor[0;39m - JSR-330 'javax.inject.Inject' annotation found and supported for autowiring 
[main] [34mINFO [0;39m [36mo.s.c.s.PostProcessorRegistrationDelegate$BeanPostProcessorChecker[0;39m - Bean 'com.kuangxf.cloud.web.feign.member.IMemberApi' of type [org.springframework.cloud.netflix.feign.FeignClientFactoryBean] is not eligible for getting processed by all BeanPostProcessors (for example: not eligible for auto-proxying) 
[main] [34mINFO [0;39m [36mo.s.c.s.PostProcessorRegistrationDelegate$BeanPostProcessorChecker[0;39m - Bean 'org.springframework.cloud.netflix.metrics.MetricsInterceptorConfiguration$MetricsRestTemplateConfiguration' of type [org.springframework.cloud.netflix.metrics.MetricsInterceptorConfiguration$MetricsRestTemplateConfiguration$$EnhancerBySpringCGLIB$$d46f21a] is not eligible for getting processed by all BeanPostProcessors (for example: not eligible for auto-proxying) 
[main] [34mINFO [0;39m [36mo.s.c.s.PostProcessorRegistrationDelegate$BeanPostProcessorChecker[0;39m - Bean 'org.springframework.cloud.autoconfigure.ConfigurationPropertiesRebinderAutoConfiguration' of type [org.springframework.cloud.autoconfigure.ConfigurationPropertiesRebinderAutoConfiguration$$EnhancerBySpringCGLIB$$f7344ed6] is not eligible for getting processed by all BeanPostProcessors (for example: not eligible for auto-proxying) 
[main] [34mINFO [0;39m [36mo.s.b.c.e.t.TomcatEmbeddedServletContainer[0;39m - Tomcat initialized with port(s): 9000 (http) 
[main] [34mINFO [0;39m [36mo.a.c.c.StandardService[0;39m - Starting service [Tomcat] 
[main] [34mINFO [0;39m [36mo.a.c.c.StandardEngine[0;39m - Starting Servlet Engine: Apache Tomcat/8.5.20 
[localhost-startStop-1] [34mINFO [0;39m [36mo.a.c.c.C.[.[.[/][0;39m - Initializing Spring embedded WebApplicationContext 
[localhost-startStop-1] [34mINFO [0;39m [36mo.s.w.c.ContextLoader[0;39m - Root WebApplicationContext: initialization completed in 2033 ms 
[localhost-startStop-1] [34mINFO [0;39m [36mo.s.b.w.s.FilterRegistrationBean[0;39m - Mapping filter: 'metricsFilter' to: [/*] 
[localhost-startStop-1] [34mINFO [0;39m [36mo.s.b.w.s.FilterRegistrationBean[0;39m - Mapping filter: 'characterEncodingFilter' to: [/*] 
[localhost-startStop-1] [34mINFO [0;39m [36mo.s.b.w.s.FilterRegistrationBean[0;39m - Mapping filter: 'hiddenHttpMethodFilter' to: [/*] 
[localhost-startStop-1] [34mINFO [0;39m [36mo.s.b.w.s.FilterRegistrationBean[0;39m - Mapping filter: 'httpPutFormContentFilter' to: [/*] 
[localhost-startStop-1] [34mINFO [0;39m [36mo.s.b.w.s.FilterRegistrationBean[0;39m - Mapping filter: 'requestContextFilter' to: [/*] 
[localhost-startStop-1] [34mINFO [0;39m [36mo.s.b.w.s.DelegatingFilterProxyRegistrationBean[0;39m - Mapping filter: 'springSecurityFilterChain' to: [/*] 
[localhost-startStop-1] [34mINFO [0;39m [36mo.s.b.w.s.FilterRegistrationBean[0;39m - Mapping filter: 'webRequestLoggingFilter' to: [/*] 
[localhost-startStop-1] [34mINFO [0;39m [36mo.s.b.w.s.FilterRegistrationBean[0;39m - Mapping filter: 'applicationContextIdFilter' to: [/*] 
[localhost-startStop-1] [34mINFO [0;39m [36mo.s.b.w.s.ServletRegistrationBean[0;39m - Mapping servlet: 'dispatcherServlet' to [/] 
[main] [34mINFO [0;39m [36mo.s.c.a.AnnotationConfigApplicationContext[0;39m - Refreshing org.springframework.context.annotation.AnnotationConfigApplicationContext@5b84f14: startup date [Tue Feb 06 20:53:50 CST 2018]; parent: org.springframework.boot.context.embedded.AnnotationConfigEmbeddedWebApplicationContext@222eb8aa 
[main] [34mINFO [0;39m [36mo.s.b.f.a.AutowiredAnnotationBeanPostProcessor[0;39m - JSR-330 'javax.inject.Inject' annotation found and supported for autowiring 
[main] [31mWARN [0;39m [36mc.n.c.s.URLConfigurationSource[0;39m - No URLs will be polled as dynamic configuration sources. 
[main] [34mINFO [0;39m [36mc.n.c.s.URLConfigurationSource[0;39m - To enable URLs as dynamic configuration sources, define System property archaius.configurationSource.additionalUrls or make config.properties available on classpath. 
[main] [31mWARN [0;39m [36mc.n.c.s.URLConfigurationSource[0;39m - No URLs will be polled as dynamic configuration sources. 
[main] [34mINFO [0;39m [36mc.n.c.s.URLConfigurationSource[0;39m - To enable URLs as dynamic configuration sources, define System property archaius.configurationSource.additionalUrls or make config.properties available on classpath. 
[main] [34mINFO [0;39m [36mo.s.w.s.m.m.a.RequestMappingHandlerAdapter[0;39m - Looking for @ControllerAdvice: org.springframework.boot.context.embedded.AnnotationConfigEmbeddedWebApplicationContext@222eb8aa: startup date [Tue Feb 06 20:53:48 CST 2018]; parent: org.springframework.context.annotation.AnnotationConfigApplicationContext@3c19aaa5 
[main] [34mINFO [0;39m [36mo.s.w.s.m.m.a.RequestMappingHandlerMapping[0;39m - Mapped "{[/valid]}" onto public com.kuangxf.cloud.web.controller.AjaxResult com.kuangxf.cloud.web.controller.member.MemberController.valid(com.kuangxf.cloud.web.beans.member.Demo,org.springframework.validation.BindingResult) 
[main] [34mINFO [0;39m [36mo.s.w.s.m.m.a.RequestMappingHandlerMapping[0;39m - Mapped "{[/listMember]}" onto public com.kuangxf.cloud.web.controller.AjaxResult com.kuangxf.cloud.web.controller.member.MemberController.listMember(java.lang.String) 
[main] [34mINFO [0;39m [36mo.s.w.s.m.m.a.RequestMappingHandlerMapping[0;39m - Mapped "{[/addMember]}" onto public com.kuangxf.cloud.web.controller.AjaxResult com.kuangxf.cloud.web.controller.member.MemberController.addMember(java.lang.String) 
[main] [34mINFO [0;39m [36mo.s.w.s.m.m.a.RequestMappingHandlerMapping[0;39m - Mapped "{[/hello]}" onto public com.kuangxf.cloud.web.controller.AjaxResult com.kuangxf.cloud.web.controller.member.MemberController.hello(java.lang.String) 
[main] [34mINFO [0;39m [36mo.s.w.s.m.m.a.RequestMappingHandlerMapping[0;39m - Mapped "{[/member/list],methods=[POST],consumes=[application/json]}" onto public abstract java.util.List<com.kuangxf.cloud.biz.beans.member.MemberInfoBean> com.kuangxf.cloud.web.feign.member.IMemberApi.list(com.kuangxf.cloud.biz.beans.member.MemberInfoQuery) 
[main] [34mINFO [0;39m [36mo.s.w.s.m.m.a.RequestMappingHandlerMapping[0;39m - Mapped "{[/member/addMember],methods=[POST],consumes=[application/json]}" onto public abstract java.lang.String com.kuangxf.cloud.web.feign.member.IMemberApi.addMember(com.kuangxf.cloud.biz.beans.member.MemberInfoBean) 
[main] [34mINFO [0;39m [36mo.s.w.s.m.m.a.RequestMappingHandlerMapping[0;39m - Mapped "{[/member/sayHello],methods=[GET]}" onto public abstract java.lang.String com.kuangxf.cloud.web.feign.member.IMemberApi.sayHello(java.lang.String) 
[main] [34mINFO [0;39m [36mo.s.w.s.m.m.a.RequestMappingHandlerMapping[0;39m - Mapped "{[/error]}" onto public org.springframework.http.ResponseEntity<java.util.Map<java.lang.String, java.lang.Object>> org.springframework.boot.autoconfigure.web.BasicErrorController.error(javax.servlet.http.HttpServletRequest) 
[main] [34mINFO [0;39m [36mo.s.w.s.m.m.a.RequestMappingHandlerMapping[0;39m - Mapped "{[/error],produces=[text/html]}" onto public org.springframework.web.servlet.ModelAndView org.springframework.boot.autoconfigure.web.BasicErrorController.errorHtml(javax.servlet.http.HttpServletRequest,javax.servlet.http.HttpServletResponse) 
[main] [34mINFO [0;39m [36mo.s.w.s.h.SimpleUrlHandlerMapping[0;39m - Mapped URL path [/webjars/**] onto handler of type [class org.springframework.web.servlet.resource.ResourceHttpRequestHandler] 
[main] [34mINFO [0;39m [36mo.s.w.s.h.SimpleUrlHandlerMapping[0;39m - Mapped URL path [/**] onto handler of type [class org.springframework.web.servlet.resource.ResourceHttpRequestHandler] 
[main] [34mINFO [0;39m [36mo.s.w.s.h.SimpleUrlHandlerMapping[0;39m - Mapped URL path [/**/favicon.ico] onto handler of type [class org.springframework.web.servlet.resource.ResourceHttpRequestHandler] 
[main] [34mINFO [0;39m [36mo.s.s.w.DefaultSecurityFilterChain[0;39m - Creating filter chain: OrRequestMatcher [requestMatchers=[Ant [pattern='/css/**'], Ant [pattern='/js/**'], Ant [pattern='/images/**'], Ant [pattern='/webjars/**'], Ant [pattern='/**/favicon.ico'], Ant [pattern='/error']]], [] 
[main] [34mINFO [0;39m [36mo.s.b.a.e.m.EndpointHandlerMapping[0;39m - Mapped "{[/info || /info.json],methods=[GET],produces=[application/vnd.spring-boot.actuator.v1+json || application/json]}" onto public java.lang.Object org.springframework.boot.actuate.endpoint.mvc.EndpointMvcAdapter.invoke() 
[main] [34mINFO [0;39m [36mo.s.b.a.e.m.EndpointHandlerMapping[0;39m - Mapped "{[/auditevents || /auditevents.json],methods=[GET],produces=[application/vnd.spring-boot.actuator.v1+json || application/json]}" onto public org.springframework.http.ResponseEntity<?> org.springframework.boot.actuate.endpoint.mvc.AuditEventsMvcEndpoint.findByPrincipalAndAfterAndType(java.lang.String,java.util.Date,java.lang.String) 
[main] [34mINFO [0;39m [36mo.s.b.a.e.m.EndpointHandlerMapping[0;39m - Mapped "{[/configprops || /configprops.json],methods=[GET],produces=[application/vnd.spring-boot.actuator.v1+json || application/json]}" onto public java.lang.Object org.springframework.boot.actuate.endpoint.mvc.EndpointMvcAdapter.invoke() 
[main] [34mINFO [0;39m [36mo.s.b.a.e.m.EndpointHandlerMapping[0;39m - Mapped "{[/service-registry/instance-status],methods=[GET]}" onto public org.springframework.http.ResponseEntity org.springframework.cloud.client.serviceregistry.endpoint.ServiceRegistryEndpoint.getStatus() 
[main] [34mINFO [0;39m [36mo.s.b.a.e.m.EndpointHandlerMapping[0;39m - Mapped "{[/service-registry/instance-status],methods=[POST]}" onto public org.springframework.http.ResponseEntity<?> org.springframework.cloud.client.serviceregistry.endpoint.ServiceRegistryEndpoint.setStatus(java.lang.String) 
[main] [34mINFO [0;39m [36mo.s.b.a.e.m.EndpointHandlerMapping[0;39m - Mapped "{[/features || /features.json],methods=[GET],produces=[application/vnd.spring-boot.actuator.v1+json || application/json]}" onto public java.lang.Object org.springframework.boot.actuate.endpoint.mvc.EndpointMvcAdapter.invoke() 
[main] [34mINFO [0;39m [36mo.s.b.a.e.m.EndpointHandlerMapping[0;39m - Mapped "{[/env],methods=[POST]}" onto public java.lang.Object org.springframework.cloud.context.environment.EnvironmentManagerMvcEndpoint.value(java.util.Map<java.lang.String, java.lang.String>) 
[main] [34mINFO [0;39m [36mo.s.b.a.e.m.EndpointHandlerMapping[0;39m - Mapped "{[/env/reset],methods=[POST]}" onto public java.util.Map<java.lang.String, java.lang.Object> org.springframework.cloud.context.environment.EnvironmentManagerMvcEndpoint.reset() 
[main] [34mINFO [0;39m [36mo.s.b.a.e.m.EndpointHandlerMapping[0;39m - Mapped "{[/archaius || /archaius.json],methods=[GET],produces=[application/vnd.spring-boot.actuator.v1+json || application/json]}" onto public java.lang.Object org.springframework.boot.actuate.endpoint.mvc.EndpointMvcAdapter.invoke() 
[main] [34mINFO [0;39m [36mo.s.b.a.e.m.EndpointHandlerMapping[0;39m - Mapped "{[/beans || /beans.json],methods=[GET],produces=[application/vnd.spring-boot.actuator.v1+json || application/json]}" onto public java.lang.Object org.springframework.boot.actuate.endpoint.mvc.EndpointMvcAdapter.invoke() 
[main] [34mINFO [0;39m [36mo.s.b.a.e.m.EndpointHandlerMapping[0;39m - Mapped "{[/loggers/{name:.*}],methods=[GET],produces=[application/vnd.spring-boot.actuator.v1+json || application/json]}" onto public java.lang.Object org.springframework.boot.actuate.endpoint.mvc.LoggersMvcEndpoint.get(java.lang.String) 
[main] [34mINFO [0;39m [36mo.s.b.a.e.m.EndpointHandlerMapping[0;39m - Mapped "{[/loggers/{name:.*}],methods=[POST],consumes=[application/vnd.spring-boot.actuator.v1+json || application/json],produces=[application/vnd.spring-boot.actuator.v1+json || application/json]}" onto public java.lang.Object org.springframework.boot.actuate.endpoint.mvc.LoggersMvcEndpoint.set(java.lang.String,java.util.Map<java.lang.String, java.lang.String>) 
[main] [34mINFO [0;39m [36mo.s.b.a.e.m.EndpointHandlerMapping[0;39m - Mapped "{[/loggers || /loggers.json],methods=[GET],produces=[application/vnd.spring-boot.actuator.v1+json || application/json]}" onto public java.lang.Object org.springframework.boot.actuate.endpoint.mvc.EndpointMvcAdapter.invoke() 
[main] [34mINFO [0;39m [36mo.s.b.a.e.m.EndpointHandlerMapping[0;39m - Mapped "{[/refresh || /refresh.json],methods=[POST]}" onto public java.lang.Object org.springframework.cloud.endpoint.GenericPostableMvcEndpoint.invoke() 
[main] [34mINFO [0;39m [36mo.s.b.a.e.m.EndpointHandlerMapping[0;39m - Mapped "{[/restart || /restart.json],methods=[POST]}" onto public java.lang.Object org.springframework.cloud.context.restart.RestartMvcEndpoint.invoke() 
[main] [34mINFO [0;39m [36mo.s.b.a.e.m.EndpointHandlerMapping[0;39m - Mapped "{[/env/{name:.*}],methods=[GET],produces=[application/vnd.spring-boot.actuator.v1+json || application/json]}" onto public java.lang.Object org.springframework.boot.actuate.endpoint.mvc.EnvironmentMvcEndpoint.value(java.lang.String) 
[main] [34mINFO [0;39m [36mo.s.b.a.e.m.EndpointHandlerMapping[0;39m - Mapped "{[/env || /env.json],methods=[GET],produces=[application/vnd.spring-boot.actuator.v1+json || application/json]}" onto public java.lang.Object org.springframework.boot.actuate.endpoint.mvc.EndpointMvcAdapter.invoke() 
[main] [34mINFO [0;39m [36mo.s.b.a.e.m.EndpointHandlerMapping[0;39m - Mapped "{[/heapdump || /heapdump.json],methods=[GET],produces=[application/octet-stream]}" onto public void org.springframework.boot.actuate.endpoint.mvc.HeapdumpMvcEndpoint.invoke(boolean,javax.servlet.http.HttpServletRequest,javax.servlet.http.HttpServletResponse) throws java.io.IOException,javax.servlet.ServletException 
[main] [34mINFO [0;39m [36mo.s.b.a.e.m.EndpointHandlerMapping[0;39m - Mapped "{[/metrics/{name:.*}],methods=[GET],produces=[application/vnd.spring-boot.actuator.v1+json || application/json]}" onto public java.lang.Object org.springframework.boot.actuate.endpoint.mvc.MetricsMvcEndpoint.value(java.lang.String) 
[main] [34mINFO [0;39m [36mo.s.b.a.e.m.EndpointHandlerMapping[0;39m - Mapped "{[/metrics || /metrics.json],methods=[GET],produces=[application/vnd.spring-boot.actuator.v1+json || application/json]}" onto public java.lang.Object org.springframework.boot.actuate.endpoint.mvc.EndpointMvcAdapter.invoke() 
[main] [34mINFO [0;39m [36mo.s.b.a.e.m.EndpointHandlerMapping[0;39m - Mapped "{[/pause || /pause.json],methods=[POST]}" onto public java.lang.Object org.springframework.cloud.endpoint.GenericPostableMvcEndpoint.invoke() 
[main] [34mINFO [0;39m [36mo.s.b.a.e.m.EndpointHandlerMapping[0;39m - Mapped "{[/autoconfig || /autoconfig.json],methods=[GET],produces=[application/vnd.spring-boot.actuator.v1+json || application/json]}" onto public java.lang.Object org.springframework.boot.actuate.endpoint.mvc.EndpointMvcAdapter.invoke() 
[main] [34mINFO [0;39m [36mo.s.b.a.e.m.EndpointHandlerMapping[0;39m - Mapped "{[/resume || /resume.json],methods=[POST]}" onto public java.lang.Object org.springframework.cloud.endpoint.GenericPostableMvcEndpoint.invoke() 
[main] [34mINFO [0;39m [36mo.s.b.a.e.m.EndpointHandlerMapping[0;39m - Mapped "{[/dump || /dump.json],methods=[GET],produces=[application/vnd.spring-boot.actuator.v1+json || application/json]}" onto public java.lang.Object org.springframework.boot.actuate.endpoint.mvc.EndpointMvcAdapter.invoke() 
[main] [34mINFO [0;39m [36mo.s.b.a.e.m.EndpointHandlerMapping[0;39m - Mapped "{[/mappings || /mappings.json],methods=[GET],produces=[application/vnd.spring-boot.actuator.v1+json || application/json]}" onto public java.lang.Object org.springframework.boot.actuate.endpoint.mvc.EndpointMvcAdapter.invoke() 
[main] [34mINFO [0;39m [36mo.s.b.a.e.m.EndpointHandlerMapping[0;39m - Mapped "{[/trace || /trace.json],methods=[GET],produces=[application/vnd.spring-boot.actuator.v1+json || application/json]}" onto public java.lang.Object org.springframework.boot.actuate.endpoint.mvc.EndpointMvcAdapter.invoke() 
[main] [34mINFO [0;39m [36mo.s.b.a.e.m.EndpointHandlerMapping[0;39m - Mapped "{[/health || /health.json],methods=[GET],produces=[application/vnd.spring-boot.actuator.v1+json || application/json]}" onto public java.lang.Object org.springframework.boot.actuate.endpoint.mvc.HealthMvcEndpoint.invoke(javax.servlet.http.HttpServletRequest,java.security.Principal) 
[main] [34mINFO [0;39m [36mo.s.s.w.DefaultSecurityFilterChain[0;39m - Creating filter chain: org.springframework.boot.actuate.autoconfigure.ManagementWebSecurityAutoConfiguration$LazyEndpointPathRequestMatcher@32ea16b7, [org.springframework.security.web.context.request.async.WebAsyncManagerIntegrationFilter@62b6c045, org.springframework.security.web.context.SecurityContextPersistenceFilter@562919fe, org.springframework.security.web.header.HeaderWriterFilter@4792f119, org.springframework.web.filter.CorsFilter@58f254b1, org.springframework.security.web.authentication.logout.LogoutFilter@2e7af36e, org.springframework.security.web.authentication.www.BasicAuthenticationFilter@7eeb38b2, org.springframework.security.web.savedrequest.RequestCacheAwareFilter@715f45c6, org.springframework.security.web.servletapi.SecurityContextHolderAwareRequestFilter@72b0a004, org.springframework.security.web.authentication.AnonymousAuthenticationFilter@46b2dcc5, org.springframework.security.web.session.SessionManagementFilter@2a50b32d, org.springframework.security.web.access.ExceptionTranslationFilter@64ae105d, org.springframework.security.web.access.intercept.FilterSecurityInterceptor@1c30cb85] 
[main] [34mINFO [0;39m [36mo.s.s.w.DefaultSecurityFilterChain[0;39m - Creating filter chain: OrRequestMatcher [requestMatchers=[Ant [pattern='/**']]], [org.springframework.security.web.context.request.async.WebAsyncManagerIntegrationFilter@7ddcb0dc, org.springframework.security.web.context.SecurityContextPersistenceFilter@284bdeed, org.springframework.security.web.header.HeaderWriterFilter@49cb3881, org.springframework.security.web.authentication.logout.LogoutFilter@75eaba95, org.springframework.security.web.authentication.www.BasicAuthenticationFilter@320be73, org.springframework.security.web.savedrequest.RequestCacheAwareFilter@58b311ba, org.springframework.security.web.servletapi.SecurityContextHolderAwareRequestFilter@482c351d, org.springframework.security.web.authentication.AnonymousAuthenticationFilter@f5bf288, org.springframework.security.web.session.SessionManagementFilter@1a14fdf0, org.springframework.security.web.access.ExceptionTranslationFilter@111c229c, org.springframework.security.web.access.intercept.FilterSecurityInterceptor@4c38cd16] 
[main] [34mINFO [0;39m [36mo.s.j.e.a.AnnotationMBeanExporter[0;39m - Registering beans for JMX exposure on startup 
[main] [34mINFO [0;39m [36mo.s.j.e.a.AnnotationMBeanExporter[0;39m - Bean with name 'environmentManager' has been autodetected for JMX exposure 
[main] [34mINFO [0;39m [36mo.s.j.e.a.AnnotationMBeanExporter[0;39m - Bean with name 'configurationPropertiesRebinder' has been autodetected for JMX exposure 
[main] [34mINFO [0;39m [36mo.s.j.e.a.AnnotationMBeanExporter[0;39m - Bean with name 'refreshEndpoint' has been autodetected for JMX exposure 
[main] [34mINFO [0;39m [36mo.s.j.e.a.AnnotationMBeanExporter[0;39m - Bean with name 'restartEndpoint' has been autodetected for JMX exposure 
[main] [34mINFO [0;39m [36mo.s.j.e.a.AnnotationMBeanExporter[0;39m - Bean with name 'serviceRegistryEndpoint' has been autodetected for JMX exposure 
[main] [34mINFO [0;39m [36mo.s.j.e.a.AnnotationMBeanExporter[0;39m - Bean with name 'refreshScope' has been autodetected for JMX exposure 
[main] [34mINFO [0;39m [36mo.s.j.e.a.AnnotationMBeanExporter[0;39m - Located managed bean 'environmentManager': registering with JMX server as MBean [org.springframework.cloud.context.environment:name=environmentManager,type=EnvironmentManager] 
[main] [34mINFO [0;39m [36mo.s.j.e.a.AnnotationMBeanExporter[0;39m - Located managed bean 'restartEndpoint': registering with JMX server as MBean [org.springframework.cloud.context.restart:name=restartEndpoint,type=RestartEndpoint] 
[main] [34mINFO [0;39m [36mo.s.j.e.a.AnnotationMBeanExporter[0;39m - Located managed bean 'serviceRegistryEndpoint': registering with JMX server as MBean [org.springframework.cloud.client.serviceregistry.endpoint:name=serviceRegistryEndpoint,type=ServiceRegistryEndpoint] 
[main] [34mINFO [0;39m [36mo.s.j.e.a.AnnotationMBeanExporter[0;39m - Located managed bean 'refreshScope': registering with JMX server as MBean [org.springframework.cloud.context.scope.refresh:name=refreshScope,type=RefreshScope] 
[main] [34mINFO [0;39m [36mo.s.j.e.a.AnnotationMBeanExporter[0;39m - Located managed bean 'configurationPropertiesRebinder': registering with JMX server as MBean [org.springframework.cloud.context.properties:name=configurationPropertiesRebinder,context=222eb8aa,type=ConfigurationPropertiesRebinder] 
[main] [34mINFO [0;39m [36mo.s.j.e.a.AnnotationMBeanExporter[0;39m - Located managed bean 'refreshEndpoint': registering with JMX server as MBean [org.springframework.cloud.endpoint:name=refreshEndpoint,type=RefreshEndpoint] 
[main] [34mINFO [0;39m [36mo.s.c.s.DefaultLifecycleProcessor[0;39m - Starting beans in phase 0 
[main] [34mINFO [0;39m [36mo.s.c.n.e.InstanceInfoFactory[0;39m - Setting initial instance status as: STARTING 
[main] [34mINFO [0;39m [36mc.n.d.DiscoveryClient[0;39m - Initializing Eureka in region us-east-1 
[main] [34mINFO [0;39m [36mc.n.d.p.DiscoveryJerseyProvider[0;39m - Using JSON encoding codec LegacyJacksonJson 
[main] [34mINFO [0;39m [36mc.n.d.p.DiscoveryJerseyProvider[0;39m - Using JSON decoding codec LegacyJacksonJson 
[main] [34mINFO [0;39m [36mc.n.d.p.DiscoveryJerseyProvider[0;39m - Using XML encoding codec XStreamXml 
[main] [34mINFO [0;39m [36mc.n.d.p.DiscoveryJerseyProvider[0;39m - Using XML decoding codec XStreamXml 
[main] [34mINFO [0;39m [36mc.n.d.s.r.a.ConfigClusterResolver[0;39m - Resolving eureka endpoints via configuration 
[main] [34mINFO [0;39m [36mc.n.d.DiscoveryClient[0;39m - Disable delta property : false 
[main] [34mINFO [0;39m [36mc.n.d.DiscoveryClient[0;39m - Single vip registry refresh property : null 
[main] [34mINFO [0;39m [36mc.n.d.DiscoveryClient[0;39m - Force full registry fetch : false 
[main] [34mINFO [0;39m [36mc.n.d.DiscoveryClient[0;39m - Application is null : false 
[main] [34mINFO [0;39m [36mc.n.d.DiscoveryClient[0;39m - Registered Applications size is zero : true 
[main] [34mINFO [0;39m [36mc.n.d.DiscoveryClient[0;39m - Application version is -1: true 
[main] [34mINFO [0;39m [36mc.n.d.DiscoveryClient[0;39m - Getting all instance registry info from the eureka server 
[main] [34mINFO [0;39m [36mc.n.d.DiscoveryClient[0;39m - The response status is 200 
[main] [34mINFO [0;39m [36mc.n.d.DiscoveryClient[0;39m - Starting heartbeat executor: renew interval is: 30 
[main] [34mINFO [0;39m [36mc.n.d.InstanceInfoReplicator[0;39m - InstanceInfoReplicator onDemand update allowed rate per min is 4 
[main] [34mINFO [0;39m [36mc.n.d.DiscoveryClient[0;39m - Discovery Client initialized at timestamp 1517921635224 with initial instances count: 1 
[main] [34mINFO [0;39m [36mo.s.c.n.e.s.EurekaServiceRegistry[0;39m - Registering application cloud-web with eureka with status UP 
[main] [34mINFO [0;39m [36mc.n.d.DiscoveryClient[0;39m - Saw local status change event StatusChangeEvent [timestamp=1517921635288, current=UP, previous=STARTING] 
[DiscoveryClient-InstanceInfoReplicator-0] [34mINFO [0;39m [36mc.n.d.DiscoveryClient[0;39m - DiscoveryClient_CLOUD-WEB/PC-20180202FXRO:cloud-web:9000: registering service... 
[main] [34mINFO [0;39m [36mo.s.b.c.e.t.TomcatEmbeddedServletContainer[0;39m - Tomcat started on port(s): 9000 (http) 
[main] [34mINFO [0;39m [36mo.s.c.n.e.s.EurekaAutoServiceRegistration[0;39m - Updating port to 9000 
[main] [34mINFO [0;39m [36mc.k.c.w.ConsumerApplication[0;39m - Started ConsumerApplication in 8.969 seconds (JVM running for 9.047) 
[main] [34mINFO [0;39m [36mc.k.c.w.ConsumerApplication[0;39m - service-consumer>>>>>>服务启动完成! 
[DiscoveryClient-InstanceInfoReplicator-0] [34mINFO [0;39m [36mc.n.d.DiscoveryClient[0;39m - DiscoveryClient_CLOUD-WEB/PC-20180202FXRO:cloud-web:9000 - registration status: 204 
[http-nio-9000-exec-1] [34mINFO [0;39m [36mo.a.c.c.C.[.[.[/][0;39m - Initializing Spring FrameworkServlet 'dispatcherServlet' 
[http-nio-9000-exec-1] [34mINFO [0;39m [36mo.s.w.s.DispatcherServlet[0;39m - FrameworkServlet 'dispatcherServlet': initialization started 
[http-nio-9000-exec-1] [34mINFO [0;39m [36mo.s.w.s.DispatcherServlet[0;39m - FrameworkServlet 'dispatcherServlet': initialization completed in 32 ms 
[hystrix-cloud-biz-1] [34mINFO [0;39m [36mo.s.c.a.AnnotationConfigApplicationContext[0;39m - Refreshing org.springframework.context.annotation.AnnotationConfigApplicationContext@7c1164c2: startup date [Tue Feb 06 20:54:05 CST 2018]; parent: org.springframework.boot.context.embedded.AnnotationConfigEmbeddedWebApplicationContext@222eb8aa 
[hystrix-cloud-biz-1] [34mINFO [0;39m [36mo.s.b.f.a.AutowiredAnnotationBeanPostProcessor[0;39m - JSR-330 'javax.inject.Inject' annotation found and supported for autowiring 
[hystrix-cloud-biz-1] [34mINFO [0;39m [36mc.n.c.ChainedDynamicProperty[0;39m - Flipping property: cloud-biz.ribbon.ActiveConnectionsLimit to use NEXT property: niws.loadbalancer.availabilityFilteringRule.activeConnectionsLimit = 2147483647 
[hystrix-cloud-biz-1] [34mINFO [0;39m [36mc.n.u.c.ShutdownEnabledTimer[0;39m - Shutdown hook installed for: NFLoadBalancer-PingTimer-cloud-biz 
[hystrix-cloud-biz-1] [34mINFO [0;39m [36mc.n.l.BaseLoadBalancer[0;39m - Client: cloud-biz instantiated a LoadBalancer: DynamicServerListLoadBalancer:{NFLoadBalancer:name=cloud-biz,current list of Servers=[],Load balancer stats=Zone stats: {},Server stats: []}ServerList:null 
[hystrix-cloud-biz-1] [34mINFO [0;39m [36mc.n.l.DynamicServerListLoadBalancer[0;39m - Using serverListUpdater PollingServerListUpdater 
[hystrix-cloud-biz-1] [34mINFO [0;39m [36mc.n.c.ChainedDynamicProperty[0;39m - Flipping property: cloud-biz.ribbon.ActiveConnectionsLimit to use NEXT property: niws.loadbalancer.availabilityFilteringRule.activeConnectionsLimit = 2147483647 
[hystrix-cloud-biz-1] [34mINFO [0;39m [36mc.n.l.DynamicServerListLoadBalancer[0;39m - DynamicServerListLoadBalancer for client cloud-biz initialized: DynamicServerListLoadBalancer:{NFLoadBalancer:name=cloud-biz,current list of Servers=[PC-20180202FXRO:8080],Load balancer stats=Zone stats: {defaultzone=[Zone:defaultzone;	Instance count:1;	Active connections count: 0;	Circuit breaker tripped count: 0;	Active connections per server: 0.0;]
},Server stats: [[Server:PC-20180202FXRO:8080;	Zone:defaultZone;	Total Requests:0;	Successive connection failure:0;	Total blackout seconds:0;	Last connection made:Thu Jan 01 08:00:00 CST 1970;	First connection made: Thu Jan 01 08:00:00 CST 1970;	Active Connections:0;	total failure count in last (1000) msecs:0;	average resp time:0.0;	90 percentile resp time:0.0;	95 percentile resp time:0.0;	min resp time:0.0;	max resp time:0.0;	stddev resp time:0.0]
]}ServerList:org.springframework.cloud.netflix.ribbon.eureka.DomainExtractingServerList@1505f57d 
[PollingServerListUpdater-0] [34mINFO [0;39m [36mc.n.c.ChainedDynamicProperty[0;39m - Flipping property: cloud-biz.ribbon.ActiveConnectionsLimit to use NEXT property: niws.loadbalancer.availabilityFilteringRule.activeConnectionsLimit = 2147483647 
[AsyncResolver-bootstrap-executor-0] [34mINFO [0;39m [36mc.n.d.s.r.a.ConfigClusterResolver[0;39m - Resolving eureka endpoints via configuration 
[AsyncResolver-bootstrap-executor-0] [34mINFO [0;39m [36mc.n.d.s.r.a.ConfigClusterResolver[0;39m - Resolving eureka endpoints via configuration 
[AsyncResolver-bootstrap-executor-0] [34mINFO [0;39m [36mc.n.d.s.r.a.ConfigClusterResolver[0;39m - Resolving eureka endpoints via configuration 
[AsyncResolver-bootstrap-executor-0] [34mINFO [0;39m [36mc.n.d.s.r.a.ConfigClusterResolver[0;39m - Resolving eureka endpoints via configuration 
[AsyncResolver-bootstrap-executor-0] [34mINFO [0;39m [36mc.n.d.s.r.a.ConfigClusterResolver[0;39m - Resolving eureka endpoints via configuration 
