[main] [34mINFO [0;39m [36mo.s.c.a.AnnotationConfigApplicationContext[0;39m - Refreshing org.springframework.context.annotation.AnnotationConfigApplicationContext@52bf72b5: startup date [Sun Feb 04 20:41:34 CST 2018]; root of context hierarchy 
[main] [34mINFO [0;39m [36mo.s.b.f.a.AutowiredAnnotationBeanPostProcessor[0;39m - JSR-330 'javax.inject.Inject' annotation found and supported for autowiring 
[main] [34mINFO [0;39m [36mo.s.c.s.PostProcessorRegistrationDelegate$BeanPostProcessorChecker[0;39m - Bean 'configurationPropertiesRebinderAutoConfiguration' of type [org.springframework.cloud.autoconfigure.ConfigurationPropertiesRebinderAutoConfiguration$$EnhancerBySpringCGLIB$$adc7b00a] is not eligible for getting processed by all BeanPostProcessors (for example: not eligible for auto-proxying) 
[main] [34mINFO [0;39m [36mc.k.c.w.ConsumerApplication[0;39m - The following profiles are active: dev 
[main] [34mINFO [0;39m [36mo.s.b.c.e.AnnotationConfigEmbeddedWebApplicationContext[0;39m - Refreshing org.springframework.boot.context.embedded.AnnotationConfigEmbeddedWebApplicationContext@6aa3a905: startup date [Sun Feb 04 20:41:35 CST 2018]; parent: org.springframework.context.annotation.AnnotationConfigApplicationContext@52bf72b5 
[main] [34mINFO [0;39m [36mo.s.c.c.s.GenericScope[0;39m - BeanFactory id=a4da0f7b-da04-3414-8faa-3b9471a296e1 
[main] [34mINFO [0;39m [36mo.s.b.f.a.AutowiredAnnotationBeanPostProcessor[0;39m - JSR-330 'javax.inject.Inject' annotation found and supported for autowiring 
[main] [34mINFO [0;39m [36mo.s.c.s.PostProcessorRegistrationDelegate$BeanPostProcessorChecker[0;39m - Bean 'com.kuangxf.cloud.web.feign.member.IMemberApi' of type [org.springframework.cloud.netflix.feign.FeignClientFactoryBean] is not eligible for getting processed by all BeanPostProcessors (for example: not eligible for auto-proxying) 
[main] [34mINFO [0;39m [36mo.s.c.s.PostProcessorRegistrationDelegate$BeanPostProcessorChecker[0;39m - Bean 'org.springframework.cloud.autoconfigure.ConfigurationPropertiesRebinderAutoConfiguration' of type [org.springframework.cloud.autoconfigure.ConfigurationPropertiesRebinderAutoConfiguration$$EnhancerBySpringCGLIB$$adc7b00a] is not eligible for getting processed by all BeanPostProcessors (for example: not eligible for auto-proxying) 
[main] [34mINFO [0;39m [36mo.s.b.c.e.t.TomcatEmbeddedServletContainer[0;39m - Tomcat initialized with port(s): 9000 (http) 
[main] [34mINFO [0;39m [36mo.a.c.c.StandardService[0;39m - Starting service [Tomcat] 
[main] [34mINFO [0;39m [36mo.a.c.c.StandardEngine[0;39m - Starting Servlet Engine: Apache Tomcat/8.5.20 
[localhost-startStop-1] [34mINFO [0;39m [36mo.a.c.c.C.[.[.[/][0;39m - Initializing Spring embedded WebApplicationContext 
[localhost-startStop-1] [34mINFO [0;39m [36mo.s.w.c.ContextLoader[0;39m - Root WebApplicationContext: initialization completed in 1333 ms 
[localhost-startStop-1] [34mINFO [0;39m [36mo.s.b.w.s.ServletRegistrationBean[0;39m - Mapping servlet: 'dispatcherServlet' to [/] 
[localhost-startStop-1] [34mINFO [0;39m [36mo.s.b.w.s.FilterRegistrationBean[0;39m - Mapping filter: 'characterEncodingFilter' to: [/*] 
[localhost-startStop-1] [34mINFO [0;39m [36mo.s.b.w.s.FilterRegistrationBean[0;39m - Mapping filter: 'hiddenHttpMethodFilter' to: [/*] 
[localhost-startStop-1] [34mINFO [0;39m [36mo.s.b.w.s.FilterRegistrationBean[0;39m - Mapping filter: 'httpPutFormContentFilter' to: [/*] 
[localhost-startStop-1] [34mINFO [0;39m [36mo.s.b.w.s.FilterRegistrationBean[0;39m - Mapping filter: 'requestContextFilter' to: [/*] 
[main] [34mINFO [0;39m [36mo.s.c.a.AnnotationConfigApplicationContext[0;39m - Refreshing org.springframework.context.annotation.AnnotationConfigApplicationContext@2fe88a09: startup date [Sun Feb 04 20:41:37 CST 2018]; parent: org.springframework.boot.context.embedded.AnnotationConfigEmbeddedWebApplicationContext@6aa3a905 
[main] [34mINFO [0;39m [36mo.s.b.f.a.AutowiredAnnotationBeanPostProcessor[0;39m - JSR-330 'javax.inject.Inject' annotation found and supported for autowiring 
[main] [31mWARN [0;39m [36mc.n.c.s.URLConfigurationSource[0;39m - No URLs will be polled as dynamic configuration sources. 
[main] [34mINFO [0;39m [36mc.n.c.s.URLConfigurationSource[0;39m - To enable URLs as dynamic configuration sources, define System property archaius.configurationSource.additionalUrls or make config.properties available on classpath. 
[main] [31mWARN [0;39m [36mc.n.c.s.URLConfigurationSource[0;39m - No URLs will be polled as dynamic configuration sources. 
[main] [34mINFO [0;39m [36mc.n.c.s.URLConfigurationSource[0;39m - To enable URLs as dynamic configuration sources, define System property archaius.configurationSource.additionalUrls or make config.properties available on classpath. 
[main] [34mINFO [0;39m [36mo.s.w.s.m.m.a.RequestMappingHandlerAdapter[0;39m - Looking for @ControllerAdvice: org.springframework.boot.context.embedded.AnnotationConfigEmbeddedWebApplicationContext@6aa3a905: startup date [Sun Feb 04 20:41:35 CST 2018]; parent: org.springframework.context.annotation.AnnotationConfigApplicationContext@52bf72b5 
[main] [34mINFO [0;39m [36mo.s.w.s.m.m.a.RequestMappingHandlerMapping[0;39m - Mapped "{[/valid]}" onto public com.kuangxf.cloud.web.controller.AjaxResult com.kuangxf.cloud.web.controller.member.MemberController.valid(com.kuangxf.cloud.web.beans.member.Demo,org.springframework.validation.BindingResult) 
[main] [34mINFO [0;39m [36mo.s.w.s.m.m.a.RequestMappingHandlerMapping[0;39m - Mapped "{[/hello]}" onto public com.kuangxf.cloud.web.controller.AjaxResult com.kuangxf.cloud.web.controller.member.MemberController.hello(java.lang.String) 
[main] [34mINFO [0;39m [36mo.s.w.s.m.m.a.RequestMappingHandlerMapping[0;39m - Mapped "{[/member/sayHello]}" onto public abstract java.lang.String com.kuangxf.cloud.web.feign.member.IMemberApi.sayHello(java.lang.String) 
[main] [34mINFO [0;39m [36mo.s.w.s.m.m.a.RequestMappingHandlerMapping[0;39m - Mapped "{[/error]}" onto public org.springframework.http.ResponseEntity<java.util.Map<java.lang.String, java.lang.Object>> org.springframework.boot.autoconfigure.web.BasicErrorController.error(javax.servlet.http.HttpServletRequest) 
[main] [34mINFO [0;39m [36mo.s.w.s.m.m.a.RequestMappingHandlerMapping[0;39m - Mapped "{[/error],produces=[text/html]}" onto public org.springframework.web.servlet.ModelAndView org.springframework.boot.autoconfigure.web.BasicErrorController.errorHtml(javax.servlet.http.HttpServletRequest,javax.servlet.http.HttpServletResponse) 
[main] [34mINFO [0;39m [36mo.s.w.s.h.SimpleUrlHandlerMapping[0;39m - Mapped URL path [/webjars/**] onto handler of type [class org.springframework.web.servlet.resource.ResourceHttpRequestHandler] 
[main] [34mINFO [0;39m [36mo.s.w.s.h.SimpleUrlHandlerMapping[0;39m - Mapped URL path [/**] onto handler of type [class org.springframework.web.servlet.resource.ResourceHttpRequestHandler] 
[main] [34mINFO [0;39m [36mo.s.w.s.h.SimpleUrlHandlerMapping[0;39m - Mapped URL path [/**/favicon.ico] onto handler of type [class org.springframework.web.servlet.resource.ResourceHttpRequestHandler] 
[main] [34mINFO [0;39m [36mo.s.j.e.a.AnnotationMBeanExporter[0;39m - Registering beans for JMX exposure on startup 
[main] [34mINFO [0;39m [36mo.s.j.e.a.AnnotationMBeanExporter[0;39m - Bean with name 'environmentManager' has been autodetected for JMX exposure 
[main] [34mINFO [0;39m [36mo.s.j.e.a.AnnotationMBeanExporter[0;39m - Bean with name 'configurationPropertiesRebinder' has been autodetected for JMX exposure 
[main] [34mINFO [0;39m [36mo.s.j.e.a.AnnotationMBeanExporter[0;39m - Bean with name 'refreshScope' has been autodetected for JMX exposure 
[main] [34mINFO [0;39m [36mo.s.j.e.a.AnnotationMBeanExporter[0;39m - Located managed bean 'environmentManager': registering with JMX server as MBean [org.springframework.cloud.context.environment:name=environmentManager,type=EnvironmentManager] 
[main] [34mINFO [0;39m [36mo.s.j.e.a.AnnotationMBeanExporter[0;39m - Located managed bean 'refreshScope': registering with JMX server as MBean [org.springframework.cloud.context.scope.refresh:name=refreshScope,type=RefreshScope] 
[main] [34mINFO [0;39m [36mo.s.j.e.a.AnnotationMBeanExporter[0;39m - Located managed bean 'configurationPropertiesRebinder': registering with JMX server as MBean [org.springframework.cloud.context.properties:name=configurationPropertiesRebinder,context=6aa3a905,type=ConfigurationPropertiesRebinder] 
[main] [34mINFO [0;39m [36mo.s.c.s.DefaultLifecycleProcessor[0;39m - Starting beans in phase 0 
[main] [34mINFO [0;39m [36mo.s.c.n.e.InstanceInfoFactory[0;39m - Setting initial instance status as: STARTING 
[main] [34mINFO [0;39m [36mc.n.d.DiscoveryClient[0;39m - Initializing Eureka in region us-east-1 
[main] [34mINFO [0;39m [36mc.n.d.p.DiscoveryJerseyProvider[0;39m - Using JSON encoding codec LegacyJacksonJson 
[main] [34mINFO [0;39m [36mc.n.d.p.DiscoveryJerseyProvider[0;39m - Using JSON decoding codec LegacyJacksonJson 
[main] [34mINFO [0;39m [36mc.n.d.p.DiscoveryJerseyProvider[0;39m - Using XML encoding codec XStreamXml 
[main] [34mINFO [0;39m [36mc.n.d.p.DiscoveryJerseyProvider[0;39m - Using XML decoding codec XStreamXml 
[main] [34mINFO [0;39m [36mc.n.d.s.r.a.ConfigClusterResolver[0;39m - Resolving eureka endpoints via configuration 
[main] [34mINFO [0;39m [36mc.n.d.DiscoveryClient[0;39m - Disable delta property : false 
[main] [34mINFO [0;39m [36mc.n.d.DiscoveryClient[0;39m - Single vip registry refresh property : null 
[main] [34mINFO [0;39m [36mc.n.d.DiscoveryClient[0;39m - Force full registry fetch : false 
[main] [34mINFO [0;39m [36mc.n.d.DiscoveryClient[0;39m - Application is null : false 
[main] [34mINFO [0;39m [36mc.n.d.DiscoveryClient[0;39m - Registered Applications size is zero : true 
[main] [34mINFO [0;39m [36mc.n.d.DiscoveryClient[0;39m - Application version is -1: true 
[main] [34mINFO [0;39m [36mc.n.d.DiscoveryClient[0;39m - Getting all instance registry info from the eureka server 
[main] [34mINFO [0;39m [36mc.n.d.DiscoveryClient[0;39m - The response status is 200 
[main] [34mINFO [0;39m [36mc.n.d.DiscoveryClient[0;39m - Starting heartbeat executor: renew interval is: 30 
[main] [34mINFO [0;39m [36mc.n.d.InstanceInfoReplicator[0;39m - InstanceInfoReplicator onDemand update allowed rate per min is 4 
[main] [34mINFO [0;39m [36mc.n.d.DiscoveryClient[0;39m - Discovery Client initialized at timestamp 1517748099793 with initial instances count: 1 
[main] [34mINFO [0;39m [36mo.s.c.n.e.s.EurekaServiceRegistry[0;39m - Registering application cloud-web with eureka with status UP 
[main] [34mINFO [0;39m [36mc.n.d.DiscoveryClient[0;39m - Saw local status change event StatusChangeEvent [timestamp=1517748099824, current=UP, previous=STARTING] 
[DiscoveryClient-InstanceInfoReplicator-0] [34mINFO [0;39m [36mc.n.d.DiscoveryClient[0;39m - DiscoveryClient_CLOUD-WEB/PC-20180202FXRO:cloud-web:9000: registering service... 
[main] [34mINFO [0;39m [36mo.s.b.c.e.t.TomcatEmbeddedServletContainer[0;39m - Tomcat started on port(s): 9000 (http) 
[main] [34mINFO [0;39m [36mo.s.c.n.e.s.EurekaAutoServiceRegistration[0;39m - Updating port to 9000 
[DiscoveryClient-InstanceInfoReplicator-0] [34mINFO [0;39m [36mc.n.d.DiscoveryClient[0;39m - DiscoveryClient_CLOUD-WEB/PC-20180202FXRO:cloud-web:9000 - registration status: 204 
[main] [34mINFO [0;39m [36mc.k.c.w.ConsumerApplication[0;39m - Started ConsumerApplication in 5.944 seconds (JVM running for 6.355) 
[main] [34mINFO [0;39m [36mc.k.c.w.ConsumerApplication[0;39m - service-consumer>>>>>>服务启动完成! 
[http-nio-9000-exec-1] [34mINFO [0;39m [36mo.a.c.c.C.[.[.[/][0;39m - Initializing Spring FrameworkServlet 'dispatcherServlet' 
[http-nio-9000-exec-1] [34mINFO [0;39m [36mo.s.w.s.DispatcherServlet[0;39m - FrameworkServlet 'dispatcherServlet': initialization started 
[http-nio-9000-exec-1] [34mINFO [0;39m [36mo.s.w.s.DispatcherServlet[0;39m - FrameworkServlet 'dispatcherServlet': initialization completed in 15 ms 
[hystrix-cloud-biz-1] [34mINFO [0;39m [36mo.s.c.a.AnnotationConfigApplicationContext[0;39m - Refreshing org.springframework.context.annotation.AnnotationConfigApplicationContext@4bab4d61: startup date [Sun Feb 04 20:42:03 CST 2018]; parent: org.springframework.boot.context.embedded.AnnotationConfigEmbeddedWebApplicationContext@6aa3a905 
[hystrix-cloud-biz-1] [34mINFO [0;39m [36mo.s.b.f.a.AutowiredAnnotationBeanPostProcessor[0;39m - JSR-330 'javax.inject.Inject' annotation found and supported for autowiring 
[hystrix-cloud-biz-1] [34mINFO [0;39m [36mc.n.c.ChainedDynamicProperty[0;39m - Flipping property: cloud-biz.ribbon.ActiveConnectionsLimit to use NEXT property: niws.loadbalancer.availabilityFilteringRule.activeConnectionsLimit = 2147483647 
[hystrix-cloud-biz-1] [34mINFO [0;39m [36mc.n.u.c.ShutdownEnabledTimer[0;39m - Shutdown hook installed for: NFLoadBalancer-PingTimer-cloud-biz 
[hystrix-cloud-biz-1] [34mINFO [0;39m [36mc.n.l.BaseLoadBalancer[0;39m - Client: cloud-biz instantiated a LoadBalancer: DynamicServerListLoadBalancer:{NFLoadBalancer:name=cloud-biz,current list of Servers=[],Load balancer stats=Zone stats: {},Server stats: []}ServerList:null 
[hystrix-cloud-biz-1] [34mINFO [0;39m [36mc.n.l.DynamicServerListLoadBalancer[0;39m - Using serverListUpdater PollingServerListUpdater 
[hystrix-cloud-biz-1] [34mINFO [0;39m [36mc.n.c.ChainedDynamicProperty[0;39m - Flipping property: cloud-biz.ribbon.ActiveConnectionsLimit to use NEXT property: niws.loadbalancer.availabilityFilteringRule.activeConnectionsLimit = 2147483647 
[hystrix-cloud-biz-1] [34mINFO [0;39m [36mc.n.l.DynamicServerListLoadBalancer[0;39m - DynamicServerListLoadBalancer for client cloud-biz initialized: DynamicServerListLoadBalancer:{NFLoadBalancer:name=cloud-biz,current list of Servers=[PC-20180202FXRO:8080],Load balancer stats=Zone stats: {defaultzone=[Zone:defaultzone;	Instance count:1;	Active connections count: 0;	Circuit breaker tripped count: 0;	Active connections per server: 0.0;]
},Server stats: [[Server:PC-20180202FXRO:8080;	Zone:defaultZone;	Total Requests:0;	Successive connection failure:0;	Total blackout seconds:0;	Last connection made:Thu Jan 01 08:00:00 CST 1970;	First connection made: Thu Jan 01 08:00:00 CST 1970;	Active Connections:0;	total failure count in last (1000) msecs:0;	average resp time:0.0;	90 percentile resp time:0.0;	95 percentile resp time:0.0;	min resp time:0.0;	max resp time:0.0;	stddev resp time:0.0]
]}ServerList:org.springframework.cloud.netflix.ribbon.eureka.DomainExtractingServerList@3d68c0a2 
[PollingServerListUpdater-0] [34mINFO [0;39m [36mc.n.c.ChainedDynamicProperty[0;39m - Flipping property: cloud-biz.ribbon.ActiveConnectionsLimit to use NEXT property: niws.loadbalancer.availabilityFilteringRule.activeConnectionsLimit = 2147483647 
[http-nio-9000-exec-3] [1;31mERROR[0;39m [36mo.a.c.c.C.[.[.[.[dispatcherServlet][0;39m - Servlet.service() for servlet [dispatcherServlet] in context with path [] threw exception [Request processing failed; nested exception is com.netflix.hystrix.exception.HystrixRuntimeException: IMemberApi#sayHello(String) timed-out and no fallback available.] with root cause 
java.util.concurrent.TimeoutException: null
	at com.netflix.hystrix.AbstractCommand.handleTimeoutViaFallback(AbstractCommand.java:997)
	at com.netflix.hystrix.AbstractCommand.access$500(AbstractCommand.java:60)
	at com.netflix.hystrix.AbstractCommand$12.call(AbstractCommand.java:610)
	at com.netflix.hystrix.AbstractCommand$12.call(AbstractCommand.java:601)
	at rx.internal.operators.OperatorOnErrorResumeNextViaFunction$4.onError(OperatorOnErrorResumeNextViaFunction.java:140)
	at rx.internal.operators.OnSubscribeDoOnEach$DoOnEachSubscriber.onError(OnSubscribeDoOnEach.java:87)
	at rx.internal.operators.OnSubscribeDoOnEach$DoOnEachSubscriber.onError(OnSubscribeDoOnEach.java:87)
	at com.netflix.hystrix.AbstractCommand$HystrixObservableTimeoutOperator$1$1.run(AbstractCommand.java:1154)
	at com.netflix.hystrix.strategy.concurrency.HystrixContextRunnable$1.call(HystrixContextRunnable.java:45)
	at com.netflix.hystrix.strategy.concurrency.HystrixContextRunnable$1.call(HystrixContextRunnable.java:41)
	at com.netflix.hystrix.strategy.concurrency.HystrixContextRunnable.run(HystrixContextRunnable.java:61)
	at com.netflix.hystrix.AbstractCommand$HystrixObservableTimeoutOperator$1.tick(AbstractCommand.java:1159)
	at com.netflix.hystrix.util.HystrixTimer$1.run(HystrixTimer.java:99)
	at java.util.concurrent.Executors$RunnableAdapter.call(Executors.java:511)
	at java.util.concurrent.FutureTask.runAndReset(FutureTask.java:308)
	at java.util.concurrent.ScheduledThreadPoolExecutor$ScheduledFutureTask.access$301(ScheduledThreadPoolExecutor.java:180)
	at java.util.concurrent.ScheduledThreadPoolExecutor$ScheduledFutureTask.run(ScheduledThreadPoolExecutor.java:294)
	at java.util.concurrent.ThreadPoolExecutor.runWorker(ThreadPoolExecutor.java:1149)
	at java.util.concurrent.ThreadPoolExecutor$Worker.run(ThreadPoolExecutor.java:624)
	at java.lang.Thread.run(Thread.java:748)
[main] [34mINFO [0;39m [36mo.s.c.a.AnnotationConfigApplicationContext[0;39m - Refreshing org.springframework.context.annotation.AnnotationConfigApplicationContext@7a3793c7: startup date [Sun Feb 04 20:45:01 CST 2018]; root of context hierarchy 
[main] [34mINFO [0;39m [36mo.s.b.f.a.AutowiredAnnotationBeanPostProcessor[0;39m - JSR-330 'javax.inject.Inject' annotation found and supported for autowiring 
[main] [34mINFO [0;39m [36mo.s.c.s.PostProcessorRegistrationDelegate$BeanPostProcessorChecker[0;39m - Bean 'configurationPropertiesRebinderAutoConfiguration' of type [org.springframework.cloud.autoconfigure.ConfigurationPropertiesRebinderAutoConfiguration$$EnhancerBySpringCGLIB$$84382997] is not eligible for getting processed by all BeanPostProcessors (for example: not eligible for auto-proxying) 
[main] [34mINFO [0;39m [36mc.k.c.w.ConsumerApplication[0;39m - The following profiles are active: dev 
[main] [34mINFO [0;39m [36mo.s.b.c.e.AnnotationConfigEmbeddedWebApplicationContext[0;39m - Refreshing org.springframework.boot.context.embedded.AnnotationConfigEmbeddedWebApplicationContext@33a2499c: startup date [Sun Feb 04 20:45:02 CST 2018]; parent: org.springframework.context.annotation.AnnotationConfigApplicationContext@7a3793c7 
[main] [34mINFO [0;39m [36mo.s.c.c.s.GenericScope[0;39m - BeanFactory id=a4da0f7b-da04-3414-8faa-3b9471a296e1 
[main] [34mINFO [0;39m [36mo.s.b.f.a.AutowiredAnnotationBeanPostProcessor[0;39m - JSR-330 'javax.inject.Inject' annotation found and supported for autowiring 
[main] [34mINFO [0;39m [36mo.s.c.s.PostProcessorRegistrationDelegate$BeanPostProcessorChecker[0;39m - Bean 'com.kuangxf.cloud.web.feign.member.IMemberApi' of type [org.springframework.cloud.netflix.feign.FeignClientFactoryBean] is not eligible for getting processed by all BeanPostProcessors (for example: not eligible for auto-proxying) 
[main] [34mINFO [0;39m [36mo.s.c.s.PostProcessorRegistrationDelegate$BeanPostProcessorChecker[0;39m - Bean 'org.springframework.cloud.autoconfigure.ConfigurationPropertiesRebinderAutoConfiguration' of type [org.springframework.cloud.autoconfigure.ConfigurationPropertiesRebinderAutoConfiguration$$EnhancerBySpringCGLIB$$84382997] is not eligible for getting processed by all BeanPostProcessors (for example: not eligible for auto-proxying) 
[main] [34mINFO [0;39m [36mo.s.b.c.e.t.TomcatEmbeddedServletContainer[0;39m - Tomcat initialized with port(s): 9000 (http) 
[main] [34mINFO [0;39m [36mo.a.c.c.StandardService[0;39m - Starting service [Tomcat] 
[main] [34mINFO [0;39m [36mo.a.c.c.StandardEngine[0;39m - Starting Servlet Engine: Apache Tomcat/8.5.20 
[localhost-startStop-1] [34mINFO [0;39m [36mo.a.c.c.C.[.[.[/][0;39m - Initializing Spring embedded WebApplicationContext 
[localhost-startStop-1] [34mINFO [0;39m [36mo.s.w.c.ContextLoader[0;39m - Root WebApplicationContext: initialization completed in 1418 ms 
[localhost-startStop-1] [34mINFO [0;39m [36mo.s.b.w.s.ServletRegistrationBean[0;39m - Mapping servlet: 'dispatcherServlet' to [/] 
[localhost-startStop-1] [34mINFO [0;39m [36mo.s.b.w.s.FilterRegistrationBean[0;39m - Mapping filter: 'characterEncodingFilter' to: [/*] 
[localhost-startStop-1] [34mINFO [0;39m [36mo.s.b.w.s.FilterRegistrationBean[0;39m - Mapping filter: 'hiddenHttpMethodFilter' to: [/*] 
[localhost-startStop-1] [34mINFO [0;39m [36mo.s.b.w.s.FilterRegistrationBean[0;39m - Mapping filter: 'httpPutFormContentFilter' to: [/*] 
[localhost-startStop-1] [34mINFO [0;39m [36mo.s.b.w.s.FilterRegistrationBean[0;39m - Mapping filter: 'requestContextFilter' to: [/*] 
[main] [34mINFO [0;39m [36mo.s.c.a.AnnotationConfigApplicationContext[0;39m - Refreshing org.springframework.context.annotation.AnnotationConfigApplicationContext@2f236de0: startup date [Sun Feb 04 20:45:04 CST 2018]; parent: org.springframework.boot.context.embedded.AnnotationConfigEmbeddedWebApplicationContext@33a2499c 
[main] [34mINFO [0;39m [36mo.s.b.f.a.AutowiredAnnotationBeanPostProcessor[0;39m - JSR-330 'javax.inject.Inject' annotation found and supported for autowiring 
[main] [31mWARN [0;39m [36mc.n.c.s.URLConfigurationSource[0;39m - No URLs will be polled as dynamic configuration sources. 
[main] [34mINFO [0;39m [36mc.n.c.s.URLConfigurationSource[0;39m - To enable URLs as dynamic configuration sources, define System property archaius.configurationSource.additionalUrls or make config.properties available on classpath. 
[main] [31mWARN [0;39m [36mc.n.c.s.URLConfigurationSource[0;39m - No URLs will be polled as dynamic configuration sources. 
[main] [34mINFO [0;39m [36mc.n.c.s.URLConfigurationSource[0;39m - To enable URLs as dynamic configuration sources, define System property archaius.configurationSource.additionalUrls or make config.properties available on classpath. 
[main] [34mINFO [0;39m [36mo.s.w.s.m.m.a.RequestMappingHandlerAdapter[0;39m - Looking for @ControllerAdvice: org.springframework.boot.context.embedded.AnnotationConfigEmbeddedWebApplicationContext@33a2499c: startup date [Sun Feb 04 20:45:02 CST 2018]; parent: org.springframework.context.annotation.AnnotationConfigApplicationContext@7a3793c7 
[main] [34mINFO [0;39m [36mo.s.w.s.m.m.a.RequestMappingHandlerMapping[0;39m - Mapped "{[/valid]}" onto public com.kuangxf.cloud.web.controller.AjaxResult com.kuangxf.cloud.web.controller.member.MemberController.valid(com.kuangxf.cloud.web.beans.member.Demo,org.springframework.validation.BindingResult) 
[main] [34mINFO [0;39m [36mo.s.w.s.m.m.a.RequestMappingHandlerMapping[0;39m - Mapped "{[/hello]}" onto public com.kuangxf.cloud.web.controller.AjaxResult com.kuangxf.cloud.web.controller.member.MemberController.hello(java.lang.String) 
[main] [34mINFO [0;39m [36mo.s.w.s.m.m.a.RequestMappingHandlerMapping[0;39m - Mapped "{[/member/sayHello]}" onto public abstract java.lang.String com.kuangxf.cloud.web.feign.member.IMemberApi.sayHello(java.lang.String) 
[main] [34mINFO [0;39m [36mo.s.w.s.m.m.a.RequestMappingHandlerMapping[0;39m - Mapped "{[/error]}" onto public org.springframework.http.ResponseEntity<java.util.Map<java.lang.String, java.lang.Object>> org.springframework.boot.autoconfigure.web.BasicErrorController.error(javax.servlet.http.HttpServletRequest) 
[main] [34mINFO [0;39m [36mo.s.w.s.m.m.a.RequestMappingHandlerMapping[0;39m - Mapped "{[/error],produces=[text/html]}" onto public org.springframework.web.servlet.ModelAndView org.springframework.boot.autoconfigure.web.BasicErrorController.errorHtml(javax.servlet.http.HttpServletRequest,javax.servlet.http.HttpServletResponse) 
[main] [34mINFO [0;39m [36mo.s.w.s.h.SimpleUrlHandlerMapping[0;39m - Mapped URL path [/webjars/**] onto handler of type [class org.springframework.web.servlet.resource.ResourceHttpRequestHandler] 
[main] [34mINFO [0;39m [36mo.s.w.s.h.SimpleUrlHandlerMapping[0;39m - Mapped URL path [/**] onto handler of type [class org.springframework.web.servlet.resource.ResourceHttpRequestHandler] 
[main] [34mINFO [0;39m [36mo.s.w.s.h.SimpleUrlHandlerMapping[0;39m - Mapped URL path [/**/favicon.ico] onto handler of type [class org.springframework.web.servlet.resource.ResourceHttpRequestHandler] 
[main] [34mINFO [0;39m [36mo.s.j.e.a.AnnotationMBeanExporter[0;39m - Registering beans for JMX exposure on startup 
[main] [34mINFO [0;39m [36mo.s.j.e.a.AnnotationMBeanExporter[0;39m - Bean with name 'environmentManager' has been autodetected for JMX exposure 
[main] [34mINFO [0;39m [36mo.s.j.e.a.AnnotationMBeanExporter[0;39m - Bean with name 'configurationPropertiesRebinder' has been autodetected for JMX exposure 
[main] [34mINFO [0;39m [36mo.s.j.e.a.AnnotationMBeanExporter[0;39m - Bean with name 'refreshScope' has been autodetected for JMX exposure 
[main] [34mINFO [0;39m [36mo.s.j.e.a.AnnotationMBeanExporter[0;39m - Located managed bean 'environmentManager': registering with JMX server as MBean [org.springframework.cloud.context.environment:name=environmentManager,type=EnvironmentManager] 
[main] [34mINFO [0;39m [36mo.s.j.e.a.AnnotationMBeanExporter[0;39m - Located managed bean 'refreshScope': registering with JMX server as MBean [org.springframework.cloud.context.scope.refresh:name=refreshScope,type=RefreshScope] 
[main] [34mINFO [0;39m [36mo.s.j.e.a.AnnotationMBeanExporter[0;39m - Located managed bean 'configurationPropertiesRebinder': registering with JMX server as MBean [org.springframework.cloud.context.properties:name=configurationPropertiesRebinder,context=33a2499c,type=ConfigurationPropertiesRebinder] 
[main] [34mINFO [0;39m [36mo.s.c.s.DefaultLifecycleProcessor[0;39m - Starting beans in phase 0 
[main] [34mINFO [0;39m [36mo.s.c.n.e.InstanceInfoFactory[0;39m - Setting initial instance status as: STARTING 
[main] [34mINFO [0;39m [36mc.n.d.DiscoveryClient[0;39m - Initializing Eureka in region us-east-1 
[main] [34mINFO [0;39m [36mc.n.d.p.DiscoveryJerseyProvider[0;39m - Using JSON encoding codec LegacyJacksonJson 
[main] [34mINFO [0;39m [36mc.n.d.p.DiscoveryJerseyProvider[0;39m - Using JSON decoding codec LegacyJacksonJson 
[main] [34mINFO [0;39m [36mc.n.d.p.DiscoveryJerseyProvider[0;39m - Using XML encoding codec XStreamXml 
[main] [34mINFO [0;39m [36mc.n.d.p.DiscoveryJerseyProvider[0;39m - Using XML decoding codec XStreamXml 
[main] [34mINFO [0;39m [36mc.n.d.s.r.a.ConfigClusterResolver[0;39m - Resolving eureka endpoints via configuration 
[main] [34mINFO [0;39m [36mc.n.d.DiscoveryClient[0;39m - Disable delta property : false 
[main] [34mINFO [0;39m [36mc.n.d.DiscoveryClient[0;39m - Single vip registry refresh property : null 
[main] [34mINFO [0;39m [36mc.n.d.DiscoveryClient[0;39m - Force full registry fetch : false 
[main] [34mINFO [0;39m [36mc.n.d.DiscoveryClient[0;39m - Application is null : false 
[main] [34mINFO [0;39m [36mc.n.d.DiscoveryClient[0;39m - Registered Applications size is zero : true 
[main] [34mINFO [0;39m [36mc.n.d.DiscoveryClient[0;39m - Application version is -1: true 
[main] [34mINFO [0;39m [36mc.n.d.DiscoveryClient[0;39m - Getting all instance registry info from the eureka server 
[main] [34mINFO [0;39m [36mc.n.d.DiscoveryClient[0;39m - The response status is 200 
[main] [34mINFO [0;39m [36mc.n.d.DiscoveryClient[0;39m - Starting heartbeat executor: renew interval is: 30 
[main] [34mINFO [0;39m [36mc.n.d.InstanceInfoReplicator[0;39m - InstanceInfoReplicator onDemand update allowed rate per min is 4 
[main] [34mINFO [0;39m [36mc.n.d.DiscoveryClient[0;39m - Discovery Client initialized at timestamp 1517748308136 with initial instances count: 2 
[main] [34mINFO [0;39m [36mo.s.c.n.e.s.EurekaServiceRegistry[0;39m - Registering application cloud-web with eureka with status UP 
[main] [34mINFO [0;39m [36mc.n.d.DiscoveryClient[0;39m - Saw local status change event StatusChangeEvent [timestamp=1517748308169, current=UP, previous=STARTING] 
[DiscoveryClient-InstanceInfoReplicator-0] [34mINFO [0;39m [36mc.n.d.DiscoveryClient[0;39m - DiscoveryClient_CLOUD-WEB/PC-20180202FXRO:cloud-web:9000: registering service... 
[DiscoveryClient-InstanceInfoReplicator-0] [34mINFO [0;39m [36mc.n.d.DiscoveryClient[0;39m - DiscoveryClient_CLOUD-WEB/PC-20180202FXRO:cloud-web:9000 - registration status: 204 
[main] [34mINFO [0;39m [36mo.s.b.c.e.t.TomcatEmbeddedServletContainer[0;39m - Tomcat started on port(s): 9000 (http) 
[main] [34mINFO [0;39m [36mo.s.c.n.e.s.EurekaAutoServiceRegistration[0;39m - Updating port to 9000 
[main] [34mINFO [0;39m [36mc.k.c.w.ConsumerApplication[0;39m - Started ConsumerApplication in 7.393 seconds (JVM running for 8.178) 
[main] [34mINFO [0;39m [36mc.k.c.w.ConsumerApplication[0;39m - service-consumer>>>>>>服务启动完成! 
[http-nio-9000-exec-1] [34mINFO [0;39m [36mo.a.c.c.C.[.[.[/][0;39m - Initializing Spring FrameworkServlet 'dispatcherServlet' 
[http-nio-9000-exec-1] [34mINFO [0;39m [36mo.s.w.s.DispatcherServlet[0;39m - FrameworkServlet 'dispatcherServlet': initialization started 
[http-nio-9000-exec-1] [34mINFO [0;39m [36mo.s.w.s.DispatcherServlet[0;39m - FrameworkServlet 'dispatcherServlet': initialization completed in 24 ms 
[hystrix-cloud-biz-1] [34mINFO [0;39m [36mo.s.c.a.AnnotationConfigApplicationContext[0;39m - Refreshing org.springframework.context.annotation.AnnotationConfigApplicationContext@f3b8b71: startup date [Sun Feb 04 20:45:29 CST 2018]; parent: org.springframework.boot.context.embedded.AnnotationConfigEmbeddedWebApplicationContext@33a2499c 
[hystrix-cloud-biz-1] [34mINFO [0;39m [36mo.s.b.f.a.AutowiredAnnotationBeanPostProcessor[0;39m - JSR-330 'javax.inject.Inject' annotation found and supported for autowiring 
[hystrix-cloud-biz-1] [34mINFO [0;39m [36mc.n.c.ChainedDynamicProperty[0;39m - Flipping property: cloud-biz.ribbon.ActiveConnectionsLimit to use NEXT property: niws.loadbalancer.availabilityFilteringRule.activeConnectionsLimit = 2147483647 
[hystrix-cloud-biz-1] [34mINFO [0;39m [36mc.n.u.c.ShutdownEnabledTimer[0;39m - Shutdown hook installed for: NFLoadBalancer-PingTimer-cloud-biz 
[hystrix-cloud-biz-1] [34mINFO [0;39m [36mc.n.l.BaseLoadBalancer[0;39m - Client: cloud-biz instantiated a LoadBalancer: DynamicServerListLoadBalancer:{NFLoadBalancer:name=cloud-biz,current list of Servers=[],Load balancer stats=Zone stats: {},Server stats: []}ServerList:null 
[hystrix-cloud-biz-1] [34mINFO [0;39m [36mc.n.l.DynamicServerListLoadBalancer[0;39m - Using serverListUpdater PollingServerListUpdater 
[hystrix-cloud-biz-1] [34mINFO [0;39m [36mc.n.c.ChainedDynamicProperty[0;39m - Flipping property: cloud-biz.ribbon.ActiveConnectionsLimit to use NEXT property: niws.loadbalancer.availabilityFilteringRule.activeConnectionsLimit = 2147483647 
[hystrix-cloud-biz-1] [34mINFO [0;39m [36mc.n.l.DynamicServerListLoadBalancer[0;39m - DynamicServerListLoadBalancer for client cloud-biz initialized: DynamicServerListLoadBalancer:{NFLoadBalancer:name=cloud-biz,current list of Servers=[PC-20180202FXRO:8080],Load balancer stats=Zone stats: {defaultzone=[Zone:defaultzone;	Instance count:1;	Active connections count: 0;	Circuit breaker tripped count: 0;	Active connections per server: 0.0;]
},Server stats: [[Server:PC-20180202FXRO:8080;	Zone:defaultZone;	Total Requests:0;	Successive connection failure:0;	Total blackout seconds:0;	Last connection made:Thu Jan 01 08:00:00 CST 1970;	First connection made: Thu Jan 01 08:00:00 CST 1970;	Active Connections:0;	total failure count in last (1000) msecs:0;	average resp time:0.0;	90 percentile resp time:0.0;	95 percentile resp time:0.0;	min resp time:0.0;	max resp time:0.0;	stddev resp time:0.0]
]}ServerList:org.springframework.cloud.netflix.ribbon.eureka.DomainExtractingServerList@4c1fe5ae 
[PollingServerListUpdater-0] [34mINFO [0;39m [36mc.n.c.ChainedDynamicProperty[0;39m - Flipping property: cloud-biz.ribbon.ActiveConnectionsLimit to use NEXT property: niws.loadbalancer.availabilityFilteringRule.activeConnectionsLimit = 2147483647 
[main] [34mINFO [0;39m [36mo.s.c.a.AnnotationConfigApplicationContext[0;39m - Refreshing org.springframework.context.annotation.AnnotationConfigApplicationContext@52bf72b5: startup date [Sun Feb 04 20:47:51 CST 2018]; root of context hierarchy 
[main] [34mINFO [0;39m [36mo.s.b.f.a.AutowiredAnnotationBeanPostProcessor[0;39m - JSR-330 'javax.inject.Inject' annotation found and supported for autowiring 
[main] [34mINFO [0;39m [36mo.s.c.s.PostProcessorRegistrationDelegate$BeanPostProcessorChecker[0;39m - Bean 'configurationPropertiesRebinderAutoConfiguration' of type [org.springframework.cloud.autoconfigure.ConfigurationPropertiesRebinderAutoConfiguration$$EnhancerBySpringCGLIB$$adc7b00a] is not eligible for getting processed by all BeanPostProcessors (for example: not eligible for auto-proxying) 
[main] [34mINFO [0;39m [36mc.k.c.w.ConsumerApplication[0;39m - The following profiles are active: dev 
[main] [34mINFO [0;39m [36mo.s.b.c.e.AnnotationConfigEmbeddedWebApplicationContext[0;39m - Refreshing org.springframework.boot.context.embedded.AnnotationConfigEmbeddedWebApplicationContext@6aa3a905: startup date [Sun Feb 04 20:47:51 CST 2018]; parent: org.springframework.context.annotation.AnnotationConfigApplicationContext@52bf72b5 
[main] [34mINFO [0;39m [36mo.s.c.c.s.GenericScope[0;39m - BeanFactory id=a4da0f7b-da04-3414-8faa-3b9471a296e1 
[main] [34mINFO [0;39m [36mo.s.b.f.a.AutowiredAnnotationBeanPostProcessor[0;39m - JSR-330 'javax.inject.Inject' annotation found and supported for autowiring 
[main] [34mINFO [0;39m [36mo.s.c.s.PostProcessorRegistrationDelegate$BeanPostProcessorChecker[0;39m - Bean 'com.kuangxf.cloud.web.feign.member.IMemberApi' of type [org.springframework.cloud.netflix.feign.FeignClientFactoryBean] is not eligible for getting processed by all BeanPostProcessors (for example: not eligible for auto-proxying) 
[main] [34mINFO [0;39m [36mo.s.c.s.PostProcessorRegistrationDelegate$BeanPostProcessorChecker[0;39m - Bean 'org.springframework.cloud.autoconfigure.ConfigurationPropertiesRebinderAutoConfiguration' of type [org.springframework.cloud.autoconfigure.ConfigurationPropertiesRebinderAutoConfiguration$$EnhancerBySpringCGLIB$$adc7b00a] is not eligible for getting processed by all BeanPostProcessors (for example: not eligible for auto-proxying) 
[main] [34mINFO [0;39m [36mo.s.b.c.e.t.TomcatEmbeddedServletContainer[0;39m - Tomcat initialized with port(s): 9000 (http) 
[main] [34mINFO [0;39m [36mo.a.c.c.StandardService[0;39m - Starting service [Tomcat] 
[main] [34mINFO [0;39m [36mo.a.c.c.StandardEngine[0;39m - Starting Servlet Engine: Apache Tomcat/8.5.20 
[localhost-startStop-1] [34mINFO [0;39m [36mo.a.c.c.C.[.[.[/][0;39m - Initializing Spring embedded WebApplicationContext 
[localhost-startStop-1] [34mINFO [0;39m [36mo.s.w.c.ContextLoader[0;39m - Root WebApplicationContext: initialization completed in 1318 ms 
[localhost-startStop-1] [34mINFO [0;39m [36mo.s.b.w.s.ServletRegistrationBean[0;39m - Mapping servlet: 'dispatcherServlet' to [/] 
[localhost-startStop-1] [34mINFO [0;39m [36mo.s.b.w.s.FilterRegistrationBean[0;39m - Mapping filter: 'characterEncodingFilter' to: [/*] 
[localhost-startStop-1] [34mINFO [0;39m [36mo.s.b.w.s.FilterRegistrationBean[0;39m - Mapping filter: 'hiddenHttpMethodFilter' to: [/*] 
[localhost-startStop-1] [34mINFO [0;39m [36mo.s.b.w.s.FilterRegistrationBean[0;39m - Mapping filter: 'httpPutFormContentFilter' to: [/*] 
[localhost-startStop-1] [34mINFO [0;39m [36mo.s.b.w.s.FilterRegistrationBean[0;39m - Mapping filter: 'requestContextFilter' to: [/*] 
[main] [34mINFO [0;39m [36mo.s.c.a.AnnotationConfigApplicationContext[0;39m - Refreshing org.springframework.context.annotation.AnnotationConfigApplicationContext@2fe88a09: startup date [Sun Feb 04 20:47:53 CST 2018]; parent: org.springframework.boot.context.embedded.AnnotationConfigEmbeddedWebApplicationContext@6aa3a905 
[main] [34mINFO [0;39m [36mo.s.b.f.a.AutowiredAnnotationBeanPostProcessor[0;39m - JSR-330 'javax.inject.Inject' annotation found and supported for autowiring 
[main] [31mWARN [0;39m [36mc.n.c.s.URLConfigurationSource[0;39m - No URLs will be polled as dynamic configuration sources. 
[main] [34mINFO [0;39m [36mc.n.c.s.URLConfigurationSource[0;39m - To enable URLs as dynamic configuration sources, define System property archaius.configurationSource.additionalUrls or make config.properties available on classpath. 
[main] [31mWARN [0;39m [36mc.n.c.s.URLConfigurationSource[0;39m - No URLs will be polled as dynamic configuration sources. 
[main] [34mINFO [0;39m [36mc.n.c.s.URLConfigurationSource[0;39m - To enable URLs as dynamic configuration sources, define System property archaius.configurationSource.additionalUrls or make config.properties available on classpath. 
[main] [34mINFO [0;39m [36mo.s.w.s.m.m.a.RequestMappingHandlerAdapter[0;39m - Looking for @ControllerAdvice: org.springframework.boot.context.embedded.AnnotationConfigEmbeddedWebApplicationContext@6aa3a905: startup date [Sun Feb 04 20:47:51 CST 2018]; parent: org.springframework.context.annotation.AnnotationConfigApplicationContext@52bf72b5 
[main] [34mINFO [0;39m [36mo.s.w.s.m.m.a.RequestMappingHandlerMapping[0;39m - Mapped "{[/valid]}" onto public com.kuangxf.cloud.web.controller.AjaxResult com.kuangxf.cloud.web.controller.member.MemberController.valid(com.kuangxf.cloud.web.beans.member.Demo,org.springframework.validation.BindingResult) 
[main] [34mINFO [0;39m [36mo.s.w.s.m.m.a.RequestMappingHandlerMapping[0;39m - Mapped "{[/hello]}" onto public com.kuangxf.cloud.web.controller.AjaxResult com.kuangxf.cloud.web.controller.member.MemberController.hello(java.lang.String) 
[main] [34mINFO [0;39m [36mo.s.w.s.m.m.a.RequestMappingHandlerMapping[0;39m - Mapped "{[/member/sayHello]}" onto public abstract java.lang.String com.kuangxf.cloud.web.feign.member.IMemberApi.sayHello(java.lang.String) 
[main] [34mINFO [0;39m [36mo.s.w.s.m.m.a.RequestMappingHandlerMapping[0;39m - Mapped "{[/error]}" onto public org.springframework.http.ResponseEntity<java.util.Map<java.lang.String, java.lang.Object>> org.springframework.boot.autoconfigure.web.BasicErrorController.error(javax.servlet.http.HttpServletRequest) 
[main] [34mINFO [0;39m [36mo.s.w.s.m.m.a.RequestMappingHandlerMapping[0;39m - Mapped "{[/error],produces=[text/html]}" onto public org.springframework.web.servlet.ModelAndView org.springframework.boot.autoconfigure.web.BasicErrorController.errorHtml(javax.servlet.http.HttpServletRequest,javax.servlet.http.HttpServletResponse) 
[main] [34mINFO [0;39m [36mo.s.w.s.h.SimpleUrlHandlerMapping[0;39m - Mapped URL path [/webjars/**] onto handler of type [class org.springframework.web.servlet.resource.ResourceHttpRequestHandler] 
[main] [34mINFO [0;39m [36mo.s.w.s.h.SimpleUrlHandlerMapping[0;39m - Mapped URL path [/**] onto handler of type [class org.springframework.web.servlet.resource.ResourceHttpRequestHandler] 
[main] [34mINFO [0;39m [36mo.s.w.s.h.SimpleUrlHandlerMapping[0;39m - Mapped URL path [/**/favicon.ico] onto handler of type [class org.springframework.web.servlet.resource.ResourceHttpRequestHandler] 
[main] [34mINFO [0;39m [36mo.s.j.e.a.AnnotationMBeanExporter[0;39m - Registering beans for JMX exposure on startup 
[main] [34mINFO [0;39m [36mo.s.j.e.a.AnnotationMBeanExporter[0;39m - Bean with name 'environmentManager' has been autodetected for JMX exposure 
[main] [34mINFO [0;39m [36mo.s.j.e.a.AnnotationMBeanExporter[0;39m - Bean with name 'configurationPropertiesRebinder' has been autodetected for JMX exposure 
[main] [34mINFO [0;39m [36mo.s.j.e.a.AnnotationMBeanExporter[0;39m - Bean with name 'refreshScope' has been autodetected for JMX exposure 
[main] [34mINFO [0;39m [36mo.s.j.e.a.AnnotationMBeanExporter[0;39m - Located managed bean 'environmentManager': registering with JMX server as MBean [org.springframework.cloud.context.environment:name=environmentManager,type=EnvironmentManager] 
[main] [34mINFO [0;39m [36mo.s.j.e.a.AnnotationMBeanExporter[0;39m - Located managed bean 'refreshScope': registering with JMX server as MBean [org.springframework.cloud.context.scope.refresh:name=refreshScope,type=RefreshScope] 
[main] [34mINFO [0;39m [36mo.s.j.e.a.AnnotationMBeanExporter[0;39m - Located managed bean 'configurationPropertiesRebinder': registering with JMX server as MBean [org.springframework.cloud.context.properties:name=configurationPropertiesRebinder,context=6aa3a905,type=ConfigurationPropertiesRebinder] 
[main] [34mINFO [0;39m [36mo.s.c.s.DefaultLifecycleProcessor[0;39m - Starting beans in phase 0 
[main] [34mINFO [0;39m [36mo.s.c.n.e.InstanceInfoFactory[0;39m - Setting initial instance status as: STARTING 
[main] [34mINFO [0;39m [36mc.n.d.DiscoveryClient[0;39m - Initializing Eureka in region us-east-1 
[main] [34mINFO [0;39m [36mc.n.d.p.DiscoveryJerseyProvider[0;39m - Using JSON encoding codec LegacyJacksonJson 
[main] [34mINFO [0;39m [36mc.n.d.p.DiscoveryJerseyProvider[0;39m - Using JSON decoding codec LegacyJacksonJson 
[main] [34mINFO [0;39m [36mc.n.d.p.DiscoveryJerseyProvider[0;39m - Using XML encoding codec XStreamXml 
[main] [34mINFO [0;39m [36mc.n.d.p.DiscoveryJerseyProvider[0;39m - Using XML decoding codec XStreamXml 
[main] [34mINFO [0;39m [36mc.n.d.s.r.a.ConfigClusterResolver[0;39m - Resolving eureka endpoints via configuration 
[main] [34mINFO [0;39m [36mc.n.d.DiscoveryClient[0;39m - Disable delta property : false 
[main] [34mINFO [0;39m [36mc.n.d.DiscoveryClient[0;39m - Single vip registry refresh property : null 
[main] [34mINFO [0;39m [36mc.n.d.DiscoveryClient[0;39m - Force full registry fetch : false 
[main] [34mINFO [0;39m [36mc.n.d.DiscoveryClient[0;39m - Application is null : false 
[main] [34mINFO [0;39m [36mc.n.d.DiscoveryClient[0;39m - Registered Applications size is zero : true 
[main] [34mINFO [0;39m [36mc.n.d.DiscoveryClient[0;39m - Application version is -1: true 
[main] [34mINFO [0;39m [36mc.n.d.DiscoveryClient[0;39m - Getting all instance registry info from the eureka server 
[main] [34mINFO [0;39m [36mc.n.d.DiscoveryClient[0;39m - The response status is 200 
[main] [34mINFO [0;39m [36mc.n.d.DiscoveryClient[0;39m - Starting heartbeat executor: renew interval is: 30 
[main] [34mINFO [0;39m [36mc.n.d.InstanceInfoReplicator[0;39m - InstanceInfoReplicator onDemand update allowed rate per min is 4 
[main] [34mINFO [0;39m [36mc.n.d.DiscoveryClient[0;39m - Discovery Client initialized at timestamp 1517748476115 with initial instances count: 2 
[main] [34mINFO [0;39m [36mo.s.c.n.e.s.EurekaServiceRegistry[0;39m - Registering application cloud-web with eureka with status UP 
[main] [34mINFO [0;39m [36mc.n.d.DiscoveryClient[0;39m - Saw local status change event StatusChangeEvent [timestamp=1517748476142, current=UP, previous=STARTING] 
[DiscoveryClient-InstanceInfoReplicator-0] [34mINFO [0;39m [36mc.n.d.DiscoveryClient[0;39m - DiscoveryClient_CLOUD-WEB/PC-20180202FXRO:cloud-web:9000: registering service... 
[main] [34mINFO [0;39m [36mo.s.b.c.e.t.TomcatEmbeddedServletContainer[0;39m - Tomcat started on port(s): 9000 (http) 
[main] [34mINFO [0;39m [36mo.s.c.n.e.s.EurekaAutoServiceRegistration[0;39m - Updating port to 9000 
[DiscoveryClient-InstanceInfoReplicator-0] [34mINFO [0;39m [36mc.n.d.DiscoveryClient[0;39m - DiscoveryClient_CLOUD-WEB/PC-20180202FXRO:cloud-web:9000 - registration status: 204 
[main] [34mINFO [0;39m [36mc.k.c.w.ConsumerApplication[0;39m - Started ConsumerApplication in 5.763 seconds (JVM running for 6.157) 
[main] [34mINFO [0;39m [36mc.k.c.w.ConsumerApplication[0;39m - service-consumer>>>>>>服务启动完成! 
[http-nio-9000-exec-2] [34mINFO [0;39m [36mo.a.c.c.C.[.[.[/][0;39m - Initializing Spring FrameworkServlet 'dispatcherServlet' 
[http-nio-9000-exec-2] [34mINFO [0;39m [36mo.s.w.s.DispatcherServlet[0;39m - FrameworkServlet 'dispatcherServlet': initialization started 
[http-nio-9000-exec-2] [34mINFO [0;39m [36mo.s.w.s.DispatcherServlet[0;39m - FrameworkServlet 'dispatcherServlet': initialization completed in 16 ms 
[hystrix-cloud-biz-1] [34mINFO [0;39m [36mo.s.c.a.AnnotationConfigApplicationContext[0;39m - Refreshing org.springframework.context.annotation.AnnotationConfigApplicationContext@36bc4ba1: startup date [Sun Feb 04 20:48:01 CST 2018]; parent: org.springframework.boot.context.embedded.AnnotationConfigEmbeddedWebApplicationContext@6aa3a905 
[hystrix-cloud-biz-1] [34mINFO [0;39m [36mo.s.b.f.a.AutowiredAnnotationBeanPostProcessor[0;39m - JSR-330 'javax.inject.Inject' annotation found and supported for autowiring 
[hystrix-cloud-biz-1] [34mINFO [0;39m [36mc.n.c.ChainedDynamicProperty[0;39m - Flipping property: cloud-biz.ribbon.ActiveConnectionsLimit to use NEXT property: niws.loadbalancer.availabilityFilteringRule.activeConnectionsLimit = 2147483647 
[hystrix-cloud-biz-1] [34mINFO [0;39m [36mc.n.u.c.ShutdownEnabledTimer[0;39m - Shutdown hook installed for: NFLoadBalancer-PingTimer-cloud-biz 
[hystrix-cloud-biz-1] [34mINFO [0;39m [36mc.n.l.BaseLoadBalancer[0;39m - Client: cloud-biz instantiated a LoadBalancer: DynamicServerListLoadBalancer:{NFLoadBalancer:name=cloud-biz,current list of Servers=[],Load balancer stats=Zone stats: {},Server stats: []}ServerList:null 
[hystrix-cloud-biz-1] [34mINFO [0;39m [36mc.n.l.DynamicServerListLoadBalancer[0;39m - Using serverListUpdater PollingServerListUpdater 
[hystrix-cloud-biz-1] [34mINFO [0;39m [36mc.n.c.ChainedDynamicProperty[0;39m - Flipping property: cloud-biz.ribbon.ActiveConnectionsLimit to use NEXT property: niws.loadbalancer.availabilityFilteringRule.activeConnectionsLimit = 2147483647 
[hystrix-cloud-biz-1] [34mINFO [0;39m [36mc.n.l.DynamicServerListLoadBalancer[0;39m - DynamicServerListLoadBalancer for client cloud-biz initialized: DynamicServerListLoadBalancer:{NFLoadBalancer:name=cloud-biz,current list of Servers=[PC-20180202FXRO:8080],Load balancer stats=Zone stats: {defaultzone=[Zone:defaultzone;	Instance count:1;	Active connections count: 0;	Circuit breaker tripped count: 0;	Active connections per server: 0.0;]
},Server stats: [[Server:PC-20180202FXRO:8080;	Zone:defaultZone;	Total Requests:0;	Successive connection failure:0;	Total blackout seconds:0;	Last connection made:Thu Jan 01 08:00:00 CST 1970;	First connection made: Thu Jan 01 08:00:00 CST 1970;	Active Connections:0;	total failure count in last (1000) msecs:0;	average resp time:0.0;	90 percentile resp time:0.0;	95 percentile resp time:0.0;	min resp time:0.0;	max resp time:0.0;	stddev resp time:0.0]
]}ServerList:org.springframework.cloud.netflix.ribbon.eureka.DomainExtractingServerList@363536c5 
[PollingServerListUpdater-0] [34mINFO [0;39m [36mc.n.c.ChainedDynamicProperty[0;39m - Flipping property: cloud-biz.ribbon.ActiveConnectionsLimit to use NEXT property: niws.loadbalancer.availabilityFilteringRule.activeConnectionsLimit = 2147483647 
