[main] [34mINFO [0;39m [36mo.s.c.a.AnnotationConfigApplicationContext[0;39m - Refreshing org.springframework.context.annotation.AnnotationConfigApplicationContext@6aeb35e6: startup date [Sun Feb 04 10:04:10 CST 2018]; root of context hierarchy 
[main] [34mINFO [0;39m [36mo.s.b.f.a.AutowiredAnnotationBeanPostProcessor[0;39m - JSR-330 'javax.inject.Inject' annotation found and supported for autowiring 
[main] [34mINFO [0;39m [36mo.s.c.s.PostProcessorRegistrationDelegate$BeanPostProcessorChecker[0;39m - Bean 'configurationPropertiesRebinderAutoConfiguration' of type [org.springframework.cloud.autoconfigure.ConfigurationPropertiesRebinderAutoConfiguration$$EnhancerBySpringCGLIB$$7e88a91c] is not eligible for getting processed by all BeanPostProcessors (for example: not eligible for auto-proxying) 
[main] [34mINFO [0;39m [36mc.k.c.e.App[0;39m - The following profiles are active: dev 
[main] [34mINFO [0;39m [36mo.s.b.c.e.AnnotationConfigEmbeddedWebApplicationContext[0;39m - Refreshing org.springframework.boot.context.embedded.AnnotationConfigEmbeddedWebApplicationContext@7203c7ff: startup date [Sun Feb 04 10:04:11 CST 2018]; parent: org.springframework.context.annotation.AnnotationConfigApplicationContext@6aeb35e6 
[main] [34mINFO [0;39m [36mo.s.c.c.s.GenericScope[0;39m - BeanFactory id=0e8b40ee-0820-3f94-bee3-f0b19e621971 
[main] [34mINFO [0;39m [36mo.s.b.f.a.AutowiredAnnotationBeanPostProcessor[0;39m - JSR-330 'javax.inject.Inject' annotation found and supported for autowiring 
[main] [34mINFO [0;39m [36mo.s.c.s.PostProcessorRegistrationDelegate$BeanPostProcessorChecker[0;39m - Bean 'org.springframework.cloud.netflix.metrics.MetricsInterceptorConfiguration$MetricsRestTemplateConfiguration' of type [org.springframework.cloud.netflix.metrics.MetricsInterceptorConfiguration$MetricsRestTemplateConfiguration$$EnhancerBySpringCGLIB$$949b4c60] is not eligible for getting processed by all BeanPostProcessors (for example: not eligible for auto-proxying) 
[main] [34mINFO [0;39m [36mo.s.c.s.PostProcessorRegistrationDelegate$BeanPostProcessorChecker[0;39m - Bean 'org.springframework.cloud.autoconfigure.ConfigurationPropertiesRebinderAutoConfiguration' of type [org.springframework.cloud.autoconfigure.ConfigurationPropertiesRebinderAutoConfiguration$$EnhancerBySpringCGLIB$$7e88a91c] is not eligible for getting processed by all BeanPostProcessors (for example: not eligible for auto-proxying) 
[main] [34mINFO [0;39m [36mo.s.b.c.e.t.TomcatEmbeddedServletContainer[0;39m - Tomcat initialized with port(s): 1111 (http) 
[main] [34mINFO [0;39m [36mo.a.c.c.StandardService[0;39m - Starting service [Tomcat] 
[main] [34mINFO [0;39m [36mo.a.c.c.StandardEngine[0;39m - Starting Servlet Engine: Apache Tomcat/8.5.20 
[localhost-startStop-1] [34mINFO [0;39m [36mo.a.c.c.C.[.[.[/][0;39m - Initializing Spring embedded WebApplicationContext 
[localhost-startStop-1] [34mINFO [0;39m [36mo.s.w.c.ContextLoader[0;39m - Root WebApplicationContext: initialization completed in 2113 ms 
[localhost-startStop-1] [34mINFO [0;39m [36mo.s.b.w.s.FilterRegistrationBean[0;39m - Mapping filter: 'metricsFilter' to: [/*] 
[localhost-startStop-1] [34mINFO [0;39m [36mo.s.b.w.s.FilterRegistrationBean[0;39m - Mapping filter: 'characterEncodingFilter' to: [/*] 
[localhost-startStop-1] [34mINFO [0;39m [36mo.s.b.w.s.FilterRegistrationBean[0;39m - Mapping filter: 'hiddenHttpMethodFilter' to: [/*] 
[localhost-startStop-1] [34mINFO [0;39m [36mo.s.b.w.s.FilterRegistrationBean[0;39m - Mapping filter: 'httpPutFormContentFilter' to: [/*] 
[localhost-startStop-1] [34mINFO [0;39m [36mo.s.b.w.s.FilterRegistrationBean[0;39m - Mapping filter: 'requestContextFilter' to: [/*] 
[localhost-startStop-1] [34mINFO [0;39m [36mo.s.b.w.s.FilterRegistrationBean[0;39m - Mapping filter: 'webRequestTraceFilter' to: [/*] 
[localhost-startStop-1] [34mINFO [0;39m [36mo.s.b.w.s.FilterRegistrationBean[0;39m - Mapping filter: 'servletContainer' to urls: [/eureka/*] 
[localhost-startStop-1] [34mINFO [0;39m [36mo.s.b.w.s.FilterRegistrationBean[0;39m - Mapping filter: 'applicationContextIdFilter' to: [/*] 
[localhost-startStop-1] [34mINFO [0;39m [36mo.s.b.w.s.ServletRegistrationBean[0;39m - Mapping servlet: 'dispatcherServlet' to [/] 
[localhost-startStop-1] [34mINFO [0;39m [36mc.s.j.s.i.a.WebApplicationImpl[0;39m - Initiating Jersey application, version 'Jersey: 1.19.1 03/11/2016 02:08 PM' 
[localhost-startStop-1] [34mINFO [0;39m [36mc.n.d.p.DiscoveryJerseyProvider[0;39m - Using JSON encoding codec LegacyJacksonJson 
[localhost-startStop-1] [34mINFO [0;39m [36mc.n.d.p.DiscoveryJerseyProvider[0;39m - Using JSON decoding codec LegacyJacksonJson 
[localhost-startStop-1] [34mINFO [0;39m [36mc.n.d.p.DiscoveryJerseyProvider[0;39m - Using XML encoding codec XStreamXml 
[localhost-startStop-1] [34mINFO [0;39m [36mc.n.d.p.DiscoveryJerseyProvider[0;39m - Using XML decoding codec XStreamXml 
[main] [31mWARN [0;39m [36mc.n.c.s.URLConfigurationSource[0;39m - No URLs will be polled as dynamic configuration sources. 
[main] [34mINFO [0;39m [36mc.n.c.s.URLConfigurationSource[0;39m - To enable URLs as dynamic configuration sources, define System property archaius.configurationSource.additionalUrls or make config.properties available on classpath. 
[main] [31mWARN [0;39m [36mc.n.c.s.URLConfigurationSource[0;39m - No URLs will be polled as dynamic configuration sources. 
[main] [34mINFO [0;39m [36mc.n.c.s.URLConfigurationSource[0;39m - To enable URLs as dynamic configuration sources, define System property archaius.configurationSource.additionalUrls or make config.properties available on classpath. 
[main] [34mINFO [0;39m [36mo.s.w.s.m.m.a.RequestMappingHandlerAdapter[0;39m - Looking for @ControllerAdvice: org.springframework.boot.context.embedded.AnnotationConfigEmbeddedWebApplicationContext@7203c7ff: startup date [Sun Feb 04 10:04:11 CST 2018]; parent: org.springframework.context.annotation.AnnotationConfigApplicationContext@6aeb35e6 
[main] [34mINFO [0;39m [36mo.s.w.s.m.m.a.RequestMappingHandlerMapping[0;39m - Mapped "{[/error]}" onto public org.springframework.http.ResponseEntity<java.util.Map<java.lang.String, java.lang.Object>> org.springframework.boot.autoconfigure.web.BasicErrorController.error(javax.servlet.http.HttpServletRequest) 
[main] [34mINFO [0;39m [36mo.s.w.s.m.m.a.RequestMappingHandlerMapping[0;39m - Mapped "{[/error],produces=[text/html]}" onto public org.springframework.web.servlet.ModelAndView org.springframework.boot.autoconfigure.web.BasicErrorController.errorHtml(javax.servlet.http.HttpServletRequest,javax.servlet.http.HttpServletResponse) 
[main] [34mINFO [0;39m [36mo.s.w.s.m.m.a.RequestMappingHandlerMapping[0;39m - Mapped "{[/],methods=[GET]}" onto public java.lang.String org.springframework.cloud.netflix.eureka.server.EurekaController.status(javax.servlet.http.HttpServletRequest,java.util.Map<java.lang.String, java.lang.Object>) 
[main] [34mINFO [0;39m [36mo.s.w.s.m.m.a.RequestMappingHandlerMapping[0;39m - Mapped "{[/lastn],methods=[GET]}" onto public java.lang.String org.springframework.cloud.netflix.eureka.server.EurekaController.lastn(javax.servlet.http.HttpServletRequest,java.util.Map<java.lang.String, java.lang.Object>) 
[main] [34mINFO [0;39m [36mo.s.w.s.h.SimpleUrlHandlerMapping[0;39m - Mapped URL path [/webjars/**] onto handler of type [class org.springframework.web.servlet.resource.ResourceHttpRequestHandler] 
[main] [34mINFO [0;39m [36mo.s.w.s.h.SimpleUrlHandlerMapping[0;39m - Mapped URL path [/**] onto handler of type [class org.springframework.web.servlet.resource.ResourceHttpRequestHandler] 
[main] [34mINFO [0;39m [36mo.s.w.s.h.SimpleUrlHandlerMapping[0;39m - Mapped URL path [/**/favicon.ico] onto handler of type [class org.springframework.web.servlet.resource.ResourceHttpRequestHandler] 
[main] [34mINFO [0;39m [36mo.s.b.a.e.m.EndpointHandlerMapping[0;39m - Mapped "{[/restart || /restart.json],methods=[POST]}" onto public java.lang.Object org.springframework.cloud.context.restart.RestartMvcEndpoint.invoke() 
[main] [34mINFO [0;39m [36mo.s.b.a.e.m.EndpointHandlerMapping[0;39m - Mapped "{[/pause || /pause.json],methods=[POST]}" onto public java.lang.Object org.springframework.cloud.endpoint.GenericPostableMvcEndpoint.invoke() 
[main] [34mINFO [0;39m [36mo.s.b.a.e.m.EndpointHandlerMapping[0;39m - Mapped "{[/mappings || /mappings.json],methods=[GET],produces=[application/vnd.spring-boot.actuator.v1+json || application/json]}" onto public java.lang.Object org.springframework.boot.actuate.endpoint.mvc.EndpointMvcAdapter.invoke() 
[main] [34mINFO [0;39m [36mo.s.b.a.e.m.EndpointHandlerMapping[0;39m - Mapped "{[/trace || /trace.json],methods=[GET],produces=[application/vnd.spring-boot.actuator.v1+json || application/json]}" onto public java.lang.Object org.springframework.boot.actuate.endpoint.mvc.EndpointMvcAdapter.invoke() 
[main] [34mINFO [0;39m [36mo.s.b.a.e.m.EndpointHandlerMapping[0;39m - Mapped "{[/info || /info.json],methods=[GET],produces=[application/vnd.spring-boot.actuator.v1+json || application/json]}" onto public java.lang.Object org.springframework.boot.actuate.endpoint.mvc.EndpointMvcAdapter.invoke() 
[main] [34mINFO [0;39m [36mo.s.b.a.e.m.EndpointHandlerMapping[0;39m - Mapped "{[/heapdump || /heapdump.json],methods=[GET],produces=[application/octet-stream]}" onto public void org.springframework.boot.actuate.endpoint.mvc.HeapdumpMvcEndpoint.invoke(boolean,javax.servlet.http.HttpServletRequest,javax.servlet.http.HttpServletResponse) throws java.io.IOException,javax.servlet.ServletException 
[main] [34mINFO [0;39m [36mo.s.b.a.e.m.EndpointHandlerMapping[0;39m - Mapped "{[/dump || /dump.json],methods=[GET],produces=[application/vnd.spring-boot.actuator.v1+json || application/json]}" onto public java.lang.Object org.springframework.boot.actuate.endpoint.mvc.EndpointMvcAdapter.invoke() 
[main] [34mINFO [0;39m [36mo.s.b.a.e.m.EndpointHandlerMapping[0;39m - Mapped "{[/env],methods=[POST]}" onto public java.lang.Object org.springframework.cloud.context.environment.EnvironmentManagerMvcEndpoint.value(java.util.Map<java.lang.String, java.lang.String>) 
[main] [34mINFO [0;39m [36mo.s.b.a.e.m.EndpointHandlerMapping[0;39m - Mapped "{[/env/reset],methods=[POST]}" onto public java.util.Map<java.lang.String, java.lang.Object> org.springframework.cloud.context.environment.EnvironmentManagerMvcEndpoint.reset() 
[main] [34mINFO [0;39m [36mo.s.b.a.e.m.EndpointHandlerMapping[0;39m - Mapped "{[/refresh || /refresh.json],methods=[POST]}" onto public java.lang.Object org.springframework.cloud.endpoint.GenericPostableMvcEndpoint.invoke() 
[main] [34mINFO [0;39m [36mo.s.b.a.e.m.EndpointHandlerMapping[0;39m - Mapped "{[/env/{name:.*}],methods=[GET],produces=[application/vnd.spring-boot.actuator.v1+json || application/json]}" onto public java.lang.Object org.springframework.boot.actuate.endpoint.mvc.EnvironmentMvcEndpoint.value(java.lang.String) 
[main] [34mINFO [0;39m [36mo.s.b.a.e.m.EndpointHandlerMapping[0;39m - Mapped "{[/env || /env.json],methods=[GET],produces=[application/vnd.spring-boot.actuator.v1+json || application/json]}" onto public java.lang.Object org.springframework.boot.actuate.endpoint.mvc.EndpointMvcAdapter.invoke() 
[main] [34mINFO [0;39m [36mo.s.b.a.e.m.EndpointHandlerMapping[0;39m - Mapped "{[/beans || /beans.json],methods=[GET],produces=[application/vnd.spring-boot.actuator.v1+json || application/json]}" onto public java.lang.Object org.springframework.boot.actuate.endpoint.mvc.EndpointMvcAdapter.invoke() 
[main] [34mINFO [0;39m [36mo.s.b.a.e.m.EndpointHandlerMapping[0;39m - Mapped "{[/configprops || /configprops.json],methods=[GET],produces=[application/vnd.spring-boot.actuator.v1+json || application/json]}" onto public java.lang.Object org.springframework.boot.actuate.endpoint.mvc.EndpointMvcAdapter.invoke() 
[main] [34mINFO [0;39m [36mo.s.b.a.e.m.EndpointHandlerMapping[0;39m - Mapped "{[/features || /features.json],methods=[GET],produces=[application/vnd.spring-boot.actuator.v1+json || application/json]}" onto public java.lang.Object org.springframework.boot.actuate.endpoint.mvc.EndpointMvcAdapter.invoke() 
[main] [34mINFO [0;39m [36mo.s.b.a.e.m.EndpointHandlerMapping[0;39m - Mapped "{[/service-registry/instance-status],methods=[GET]}" onto public org.springframework.http.ResponseEntity org.springframework.cloud.client.serviceregistry.endpoint.ServiceRegistryEndpoint.getStatus() 
[main] [34mINFO [0;39m [36mo.s.b.a.e.m.EndpointHandlerMapping[0;39m - Mapped "{[/service-registry/instance-status],methods=[POST]}" onto public org.springframework.http.ResponseEntity<?> org.springframework.cloud.client.serviceregistry.endpoint.ServiceRegistryEndpoint.setStatus(java.lang.String) 
[main] [34mINFO [0;39m [36mo.s.b.a.e.m.EndpointHandlerMapping[0;39m - Mapped "{[/archaius || /archaius.json],methods=[GET],produces=[application/vnd.spring-boot.actuator.v1+json || application/json]}" onto public java.lang.Object org.springframework.boot.actuate.endpoint.mvc.EndpointMvcAdapter.invoke() 
[main] [34mINFO [0;39m [36mo.s.b.a.e.m.EndpointHandlerMapping[0;39m - Mapped "{[/metrics/{name:.*}],methods=[GET],produces=[application/vnd.spring-boot.actuator.v1+json || application/json]}" onto public java.lang.Object org.springframework.boot.actuate.endpoint.mvc.MetricsMvcEndpoint.value(java.lang.String) 
[main] [34mINFO [0;39m [36mo.s.b.a.e.m.EndpointHandlerMapping[0;39m - Mapped "{[/metrics || /metrics.json],methods=[GET],produces=[application/vnd.spring-boot.actuator.v1+json || application/json]}" onto public java.lang.Object org.springframework.boot.actuate.endpoint.mvc.EndpointMvcAdapter.invoke() 
[main] [34mINFO [0;39m [36mo.s.b.a.e.m.EndpointHandlerMapping[0;39m - Mapped "{[/health || /health.json],methods=[GET],produces=[application/vnd.spring-boot.actuator.v1+json || application/json]}" onto public java.lang.Object org.springframework.boot.actuate.endpoint.mvc.HealthMvcEndpoint.invoke(javax.servlet.http.HttpServletRequest,java.security.Principal) 
[main] [34mINFO [0;39m [36mo.s.b.a.e.m.EndpointHandlerMapping[0;39m - Mapped "{[/resume || /resume.json],methods=[POST]}" onto public java.lang.Object org.springframework.cloud.endpoint.GenericPostableMvcEndpoint.invoke() 
[main] [34mINFO [0;39m [36mo.s.b.a.e.m.EndpointHandlerMapping[0;39m - Mapped "{[/loggers/{name:.*}],methods=[GET],produces=[application/vnd.spring-boot.actuator.v1+json || application/json]}" onto public java.lang.Object org.springframework.boot.actuate.endpoint.mvc.LoggersMvcEndpoint.get(java.lang.String) 
[main] [34mINFO [0;39m [36mo.s.b.a.e.m.EndpointHandlerMapping[0;39m - Mapped "{[/loggers/{name:.*}],methods=[POST],consumes=[application/vnd.spring-boot.actuator.v1+json || application/json],produces=[application/vnd.spring-boot.actuator.v1+json || application/json]}" onto public java.lang.Object org.springframework.boot.actuate.endpoint.mvc.LoggersMvcEndpoint.set(java.lang.String,java.util.Map<java.lang.String, java.lang.String>) 
[main] [34mINFO [0;39m [36mo.s.b.a.e.m.EndpointHandlerMapping[0;39m - Mapped "{[/loggers || /loggers.json],methods=[GET],produces=[application/vnd.spring-boot.actuator.v1+json || application/json]}" onto public java.lang.Object org.springframework.boot.actuate.endpoint.mvc.EndpointMvcAdapter.invoke() 
[main] [34mINFO [0;39m [36mo.s.b.a.e.m.EndpointHandlerMapping[0;39m - Mapped "{[/auditevents || /auditevents.json],methods=[GET],produces=[application/vnd.spring-boot.actuator.v1+json || application/json]}" onto public org.springframework.http.ResponseEntity<?> org.springframework.boot.actuate.endpoint.mvc.AuditEventsMvcEndpoint.findByPrincipalAndAfterAndType(java.lang.String,java.util.Date,java.lang.String) 
[main] [34mINFO [0;39m [36mo.s.b.a.e.m.EndpointHandlerMapping[0;39m - Mapped "{[/autoconfig || /autoconfig.json],methods=[GET],produces=[application/vnd.spring-boot.actuator.v1+json || application/json]}" onto public java.lang.Object org.springframework.boot.actuate.endpoint.mvc.EndpointMvcAdapter.invoke() 
[main] [34mINFO [0;39m [36mo.s.u.f.SpringTemplateLoader[0;39m - SpringTemplateLoader for FreeMarker: using resource loader [org.springframework.boot.context.embedded.AnnotationConfigEmbeddedWebApplicationContext@7203c7ff: startup date [Sun Feb 04 10:04:11 CST 2018]; parent: org.springframework.context.annotation.AnnotationConfigApplicationContext@6aeb35e6] and template loader path [classpath:/templates/] 
[main] [34mINFO [0;39m [36mo.s.w.s.v.f.FreeMarkerConfigurer[0;39m - ClassTemplateLoader for Spring macros added to FreeMarker configuration 
[main] [34mINFO [0;39m [36mo.s.c.n.e.InstanceInfoFactory[0;39m - Setting initial instance status as: STARTING 
[main] [34mINFO [0;39m [36mc.n.d.DiscoveryClient[0;39m - Initializing Eureka in region us-east-1 
[main] [34mINFO [0;39m [36mc.n.d.DiscoveryClient[0;39m - Client configured to neither register nor query for data. 
[main] [34mINFO [0;39m [36mc.n.d.DiscoveryClient[0;39m - Discovery Client initialized at timestamp 1517709857726 with initial instances count: 0 
[main] [34mINFO [0;39m [36mc.n.e.DefaultEurekaServerContext[0;39m - Initializing ... 
[main] [34mINFO [0;39m [36mc.n.e.c.PeerEurekaNodes[0;39m - Adding new peer nodes [http://localhost:1111/eureka/] 
[main] [34mINFO [0;39m [36mc.n.d.p.DiscoveryJerseyProvider[0;39m - Using JSON encoding codec LegacyJacksonJson 
[main] [34mINFO [0;39m [36mc.n.d.p.DiscoveryJerseyProvider[0;39m - Using JSON decoding codec LegacyJacksonJson 
[main] [34mINFO [0;39m [36mc.n.d.p.DiscoveryJerseyProvider[0;39m - Using XML encoding codec XStreamXml 
[main] [34mINFO [0;39m [36mc.n.d.p.DiscoveryJerseyProvider[0;39m - Using XML decoding codec XStreamXml 
[main] [34mINFO [0;39m [36mc.n.e.c.PeerEurekaNodes[0;39m - Replica node URL:  http://localhost:1111/eureka/ 
[main] [34mINFO [0;39m [36mc.n.e.r.AbstractInstanceRegistry[0;39m - Finished initializing remote region registries. All known remote regions: [] 
[main] [34mINFO [0;39m [36mc.n.e.DefaultEurekaServerContext[0;39m - Initialized 
[main] [34mINFO [0;39m [36mo.s.j.e.a.AnnotationMBeanExporter[0;39m - Registering beans for JMX exposure on startup 
[main] [34mINFO [0;39m [36mo.s.j.e.a.AnnotationMBeanExporter[0;39m - Bean with name 'environmentManager' has been autodetected for JMX exposure 
[main] [34mINFO [0;39m [36mo.s.j.e.a.AnnotationMBeanExporter[0;39m - Bean with name 'configurationPropertiesRebinder' has been autodetected for JMX exposure 
[main] [34mINFO [0;39m [36mo.s.j.e.a.AnnotationMBeanExporter[0;39m - Bean with name 'refreshEndpoint' has been autodetected for JMX exposure 
[main] [34mINFO [0;39m [36mo.s.j.e.a.AnnotationMBeanExporter[0;39m - Bean with name 'restartEndpoint' has been autodetected for JMX exposure 
[main] [34mINFO [0;39m [36mo.s.j.e.a.AnnotationMBeanExporter[0;39m - Bean with name 'serviceRegistryEndpoint' has been autodetected for JMX exposure 
[main] [34mINFO [0;39m [36mo.s.j.e.a.AnnotationMBeanExporter[0;39m - Bean with name 'refreshScope' has been autodetected for JMX exposure 
[main] [34mINFO [0;39m [36mo.s.j.e.a.AnnotationMBeanExporter[0;39m - Located managed bean 'environmentManager': registering with JMX server as MBean [org.springframework.cloud.context.environment:name=environmentManager,type=EnvironmentManager] 
[main] [34mINFO [0;39m [36mo.s.j.e.a.AnnotationMBeanExporter[0;39m - Located managed bean 'restartEndpoint': registering with JMX server as MBean [org.springframework.cloud.context.restart:name=restartEndpoint,type=RestartEndpoint] 
[main] [34mINFO [0;39m [36mo.s.j.e.a.AnnotationMBeanExporter[0;39m - Located managed bean 'serviceRegistryEndpoint': registering with JMX server as MBean [org.springframework.cloud.client.serviceregistry.endpoint:name=serviceRegistryEndpoint,type=ServiceRegistryEndpoint] 
[main] [34mINFO [0;39m [36mo.s.j.e.a.AnnotationMBeanExporter[0;39m - Located managed bean 'refreshScope': registering with JMX server as MBean [org.springframework.cloud.context.scope.refresh:name=refreshScope,type=RefreshScope] 
[main] [34mINFO [0;39m [36mo.s.j.e.a.AnnotationMBeanExporter[0;39m - Located managed bean 'configurationPropertiesRebinder': registering with JMX server as MBean [org.springframework.cloud.context.properties:name=configurationPropertiesRebinder,context=7203c7ff,type=ConfigurationPropertiesRebinder] 
[main] [34mINFO [0;39m [36mo.s.j.e.a.AnnotationMBeanExporter[0;39m - Located managed bean 'refreshEndpoint': registering with JMX server as MBean [org.springframework.cloud.endpoint:name=refreshEndpoint,type=RefreshEndpoint] 
[main] [34mINFO [0;39m [36mo.s.c.s.DefaultLifecycleProcessor[0;39m - Starting beans in phase 0 
[main] [34mINFO [0;39m [36mo.s.c.n.e.s.EurekaServiceRegistry[0;39m - Registering application eureka-server with eureka with status UP 
[Thread-11] [34mINFO [0;39m [36mo.s.c.n.e.s.EurekaServerBootstrap[0;39m - Setting the eureka configuration.. 
[Thread-11] [34mINFO [0;39m [36mo.s.c.n.e.s.EurekaServerBootstrap[0;39m - Eureka data center value eureka.datacenter is not set, defaulting to default 
[Thread-11] [34mINFO [0;39m [36mo.s.c.n.e.s.EurekaServerBootstrap[0;39m - Eureka environment value eureka.environment is not set, defaulting to test 
[Thread-11] [34mINFO [0;39m [36mo.s.c.n.e.s.EurekaServerBootstrap[0;39m - isAws returned false 
[Thread-11] [34mINFO [0;39m [36mo.s.c.n.e.s.EurekaServerBootstrap[0;39m - Initialized server context 
[Thread-11] [34mINFO [0;39m [36mc.n.e.r.PeerAwareInstanceRegistryImpl[0;39m - Got 1 instances from neighboring DS node 
[Thread-11] [34mINFO [0;39m [36mc.n.e.r.PeerAwareInstanceRegistryImpl[0;39m - Renew threshold is: 1 
[Thread-11] [34mINFO [0;39m [36mc.n.e.r.PeerAwareInstanceRegistryImpl[0;39m - Changing status to UP 
[Thread-11] [34mINFO [0;39m [36mo.s.c.n.e.s.EurekaServerInitializerConfiguration[0;39m - Started Eureka Server 
[main] [34mINFO [0;39m [36mo.s.b.c.e.t.TomcatEmbeddedServletContainer[0;39m - Tomcat started on port(s): 1111 (http) 
[main] [34mINFO [0;39m [36mo.s.c.n.e.s.EurekaAutoServiceRegistration[0;39m - Updating port to 1111 
[main] [34mINFO [0;39m [36mc.k.c.e.App[0;39m - Started App in 8.795 seconds (JVM running for 9.211) 
[http-nio-1111-exec-3] [34mINFO [0;39m [36mo.a.c.c.C.[.[.[/][0;39m - Initializing Spring FrameworkServlet 'dispatcherServlet' 
[http-nio-1111-exec-3] [34mINFO [0;39m [36mo.s.w.s.DispatcherServlet[0;39m - FrameworkServlet 'dispatcherServlet': initialization started 
[http-nio-1111-exec-3] [34mINFO [0;39m [36mo.s.w.s.DispatcherServlet[0;39m - FrameworkServlet 'dispatcherServlet': initialization completed in 25 ms 
[http-nio-1111-exec-10] [34mINFO [0;39m [36mo.s.b.a.e.m.MvcEndpointSecurityInterceptor[0;39m - Full authentication is required to access actuator endpoints. Consider adding Spring Security or set 'management.security.enabled' to false. 
[Eureka-EvictionTimer] [34mINFO [0;39m [36mc.n.e.r.AbstractInstanceRegistry[0;39m - Running the evict task with compensationTime 0ms 
[Eureka-EvictionTimer] [34mINFO [0;39m [36mc.n.e.r.AbstractInstanceRegistry[0;39m - Running the evict task with compensationTime 0ms 
[Eureka-EvictionTimer] [34mINFO [0;39m [36mc.n.e.r.AbstractInstanceRegistry[0;39m - Running the evict task with compensationTime 0ms 
